-0.999 -3.33812e-06 2.44578e-06
-0.998 -1.92795e-05 6.09391e-06
-0.997 -5.20372e-05 4.7147e-06
-0.996 -9.25852e-05 -4.33454e-06
-0.995 -0.000120034 -1.64671e-05
-0.994 -0.000114106 -2.12424e-05
-0.993 -7.17085e-05 -9.21587e-06
-0.992 -1.90302e-05 1.89859e-05
-0.991 -1.12372e-05 4.75776e-05
-0.99 -0.000114614 5.00476e-05
-0.989 -0.000374681 2.97479e-06
-0.988 -0.000786451 -9.78607e-05
-0.987 -0.00128763 -0.000228597
-0.986 -0.00178253 -0.000341351
-0.985 -0.00218252 -0.000380058
-0.984 -0.00244051 -0.000301633
-0.983 -0.00256723 -9.45159e-05
-0.982 -0.00262732 0.000213332
-0.981 -0.00271293 0.000563998
-0.98 -0.00289686 0.000897518
-0.979 -0.00318394 0.00118613
-0.978 -0.00349372 0.00145416
-0.977 -0.00369424 0.00176811
-0.976 -0.00366928 0.00219891
-0.975 -0.00337312 0.00277605
-0.974 -0.00284336 0.00345889
-0.973 -0.00218059 0.00413859
-0.972 -0.00151326 0.00466781
-0.971 -0.000950387 0.00490801
-0.97 -0.000531697 0.00478045
-0.969 -0.000212344 0.00430001
-0.968 8.66133e-05 0.00357155
-0.967 0.00038406 0.00274449
-0.966 0.000573326 0.00194443
-0.965 0.00044652 0.00121852
-0.964 -0.000204134 0.000528829
-0.963 -0.00147812 -0.000200381
-0.962 -0.00329722 -0.00100739
-0.961 -0.00537605 -0.00182723
-0.96 -0.00725471 -0.00246953
-0.959 -0.00844497 -0.00266365
-0.958 -0.00867617 -0.00216518
-0.957 -0.00810867 -0.000877012
-0.956 -0.00735172 0.0010779
-0.955 -0.00723395 0.00337195
-0.954 -0.00843885 0.00557304
-0.953 -0.0111824 0.00728689
-0.952 -0.0150379 0.00828846
-0.951 -0.0189392 0.00860398
-0.95 -0.021415 0.00850767
-0.949 -0.0210974 0.00839973
-0.948 -0.0173675 0.00858714
-0.947 -0.010806 0.00908042
-0.946 -0.00315146 0.00954608
-0.945 0.0032575 0.00946261
-0.944 0.00630351 0.00838821
-0.943 0.00484254 0.00618312
-0.942 -0.000837023 0.0030962
-0.941 -0.00897463 -0.000264378
-0.94 -0.016828 -0.00304382
-0.939 -0.0216909 -0.00436739
-0.938 -0.0221098 -0.00368333
-0.937 -0.0187007 -0.0010717
-0.936 -0.0140906 0.0027163
-0.935 -0.0119744 0.0065816
-0.934 -0.0156903 0.00958257
-0.933 -0.0268518 0.0113019
-0.932 -0.0444693 0.0118991
-0.931 -0.0648615 0.0119322
-0.93 -0.0825404 0.0121121
-0.929 -0.0919843 0.0130248
-0.928 -0.0897225 0.014801
-0.927 -0.0758068 0.016861
-0.926 -0.0539622 0.0180001
-0.925 -0.0303594 0.016924
-0.924 -0.0115235 0.0129723
-0.923 -0.00209613 0.00655996
-0.922 -0.00315624 -0.000934822
-0.921 -0.011705 -0.00769908
-0.92 -0.0216757 -0.0121048
-0.919 -0.0263064 -0.0132206
-0.918 -0.0210072 -0.0111523
-0.917 -0.00546011 -0.00709252
-0.916 0.0159626 -0.00290106
-0.915 0.0355599 -0.000242207
-0.914 0.0449149 0.000315275
-0.913 0.0379586 -0.000318496
-0.912 0.0135093 -0.000144624
-0.911 -0.0237337 0.00298384
-0.91 -0.0643772 0.0103349
-0.909 -0.0974581 0.0215674
-0.908 -0.114285 0.0345322
-0.907 -0.111394 0.0457704
-0.906 -0.0915545 0.0517168
-0.905 -0.0627231 0.050225
-0.904 -0.0353862 0.0416613
-0.903 -0.0189638 0.0289313
-0.902 -0.0183059 0.016396
-0.901 -0.0317018 0.0081989
-0.9 -0.0515111 0.00667002
-0.899 -0.0673312 0.0113151
-0.898 -0.070269 0.0187561
-0.897 -0.0564006 0.0238541
-0.896 -0.0282112 0.021849
-0.895 0.00609716 0.0106792
-0.894 0.0350423 -0.00774276
-0.893 0.0475901 -0.0280625
-0.892 0.037268 -0.043543
-0.891 0.00502768 -0.0486342
-0.89 -0.0407335 -0.0410555
-0.889 -0.0872594 -0.0228016
-0.888 -0.122181 0.000227129
-0.887 -0.137697 0.0201004
-0.886 -0.13268 0.0299128
-0.885 -0.112526 0.0268717
-0.884 -0.0872565 0.0138121
-0.883 -0.0682738 -0.00182752
-0.882 -0.0643013 -0.0110955
-0.881 -0.0779006 -0.00715317
-0.88 -0.104377 0.012063
-0.879 -0.13389 0.0429136
-0.878 -0.155713 0.0769988
-0.877 -0.162364 0.103804
-0.876 -0.151787 0.114486
-0.875 -0.127343 0.105497
-0.874 -0.0964289 0.0803305
-0.873 -0.0682716 0.0482725
-0.872 -0.0509241 0.0206217
-0.871 -0.0481626 0.00616363
-0.87 -0.0578871 0.00784909
-0.869 -0.0732453 0.0218038
-0.868 -0.0859515 0.0388108
-0.867 -0.0897515 0.0477556
-0.866 -0.0821523 0.0400314
-0.865 -0.0642792 0.0133768
-0.864 -0.0400831 -0.0265435
-0.863 -0.0155334 -0.0677973
-0.862 0.00277993 -0.0965879
-0.861 0.00980775 -0.102572
-0.86 0.00374577 -0.0828919
-0.859 -0.0140396 -0.0433716
-0.858 -0.0406625 0.00352226
-0.857 -0.0732959 0.0432167
-0.856 -0.109285 0.0644
-0.855 -0.145282 0.0631423
-0.854 -0.177133 0.0440955
-0.853 -0.201018 0.0182609
-0.852 -0.214507 -0.00177337
-0.851 -0.216571 -0.00719842
-0.85 -0.207299 0.003195
-0.849 -0.188327 0.0222887
-0.848 -0.16352 0.0374181
-0.847 -0.138355 0.0357176
-0.846 -0.117437 0.00988203
-0.845 -0.101853 -0.0382045
-0.844 -0.0888434 -0.0976391
-0.843 -0.0739684 -0.15238
-0.842 -0.0535574 -0.187119
-0.841 -0.0260121 -0.192761
-0.84 0.00723336 -0.169482
-0.839 0.0403768 -0.126374
-0.838 0.062823 -0.0777949
-0.837 0.061728 -0.0376232
-0.836 0.0274506 -0.0135807
-0.835 -0.0413023 -0.00416401
-0.834 -0.13619 0.00018884
-0.833 -0.241902 0.0121054
-0.832 -0.339977 0.0408226
-0.831 -0.4123 0.0872918
-0.83 -0.445212 0.142945
-0.829 -0.434416 0.192417
-0.828 -0.387924 0.218961
-0.827 -0.323686 0.210651
-0.826 -0.261959 0.165309
-0.825 -0.216984 0.0922283
-0.824 -0.192845 0.00952336
-0.823 -0.184064 -0.0623799
-0.822 -0.178206 -0.108526
-0.821 -0.159266 -0.124923
-0.82 -0.113121 -0.119176
-0.819 -0.0348856 -0.106229
-0.818 0.0657191 -0.101545
-0.817 0.165634 -0.114614
-0.816 0.236777 -0.144879
-0.815 0.256496 -0.181299
-0.814 0.214632 -0.205976
-0.813 0.115849 -0.201185
-0.812 -0.0209621 -0.157383
-0.811 -0.165869 -0.0785544
-0.81 -0.285263 0.0180768
-0.809 -0.352784 0.108025
-0.808 -0.358971 0.168329
-0.807 -0.314124 0.185393
-0.806 -0.243123 0.15925
-0.805 -0.175994 0.103204
-0.804 -0.138717 0.0389801
-0.803 -0.145911 -0.0113618
-0.802 -0.195626 -0.0340592
-0.801 -0.268291 -0.0291589
-0.8 -0.332586 -0.0101584
-0.799 -0.357293 0.00211644
-0.798 -0.323663 -0.0115155
-0.797 -0.232518 -0.0605571
-0.796 -0.10436 -0.140611
-0.795 0.0259766 -0.234325
-0.794 0.118616 -0.31728
-0.793 0.141054 -0.366956
-0.792 0.0807604 -0.37133
-0.791 -0.0479733 -0.333369
-0.79 -0.207734 -0.269476
-0.789 -0.350949 -0.20297
-0.788 -0.43559 -0.155541
-0.787 -0.437695 -0.13965
-0.786 -0.358797 -0.154193
-0.785 -0.227582 -0.185052
-0.784 -0.0934437 -0.210891
-0.783 -0.0105993 -0.212274
-0.782 -0.0173792 -0.179968
-0.781 -0.12062 -0.118356
-0.78 -0.293149 -0.0428323
-0.779 -0.484174 0.0265033
-0.778 -0.635955 0.0718101
-0.777 -0.700747 0.0832895
-0.776 -0.655692 0.0626301
-0.775 -0.512973 0.022645
-0.774 -0.319341 -0.0178084
-0.773 -0.140797 -0.0421237
-0.772 -0.0369069 -0.0432509
-0.771 -0.0370916 -0.0258698
-0.77 -0.13021 -0.00288697
-0.769 -0.269964 0.0106886
-0.768 -0.390904 0.00331067
-0.767 -0.429024 -0.0292363
-0.766 -0.343412 -0.081957
-0.765 -0.134091 -0.141661
-0.764 0.152402 -0.191597
-0.763 0.436035 -0.218349
-0.762 0.631384 -0.217333
-0.761 0.67824 -0.193614
-0.76 0.561639 -0.158191
-0.759 0.315421 -0.122806
-0.758 0.0107412 -0.0958181
-0.757 -0.26622 -0.0798004
-0.756 -0.442265 -0.0711511
-0.755 -0.482778 -0.0623175
-0.754 -0.403998 -0.0463662
-0.753 -0.265099 -0.0217748
-0.752 -0.143425 0.00557412
-0.751 -0.10417 0.0245843
-0.75 -0.176182 0.0236625
-0.749 -0.341107 -0.00484975
-0.748 -0.538658 -0.0617756
-0.747 -0.687266 -0.139861
-0.746 -0.714686 -0.225092
-0.745 -0.587044 -0.301405
-0.744 -0.32309 -0.357169
-0.743 0.01239 -0.389626
-0.742 0.330956 -0.40432
-0.741 0.548382 -0.410225
-0.74 0.609842 -0.414343
-0.739 0.506726 -0.418659
-0.738 0.27939 -0.419139
-0.737 0.00199392 -0.405893
-0.736 -0.246721 -0.365775
-0.735 -0.413377 -0.288655
-0.734 -0.485512 -0.174848
-0.733 -0.487659 -0.0384013
-0.732 -0.465297 0.0968956
-0.731 -0.466439 0.206355
-0.73 -0.524811 0.272299
-0.729 -0.646146 0.28764
-0.728 -0.802664 0.256262
-0.727 -0.942147 0.191901
-0.726 -1.01056 0.114396
-0.725 -0.976046 0.0422071
-0.724 -0.839661 -0.0158924
-0.723 -0.629247 -0.0643432
-0.722 -0.385837 -0.116654
-0.721 -0.152265 -0.186476
-0.72 0.0352506 -0.279861
-0.719 0.155386 -0.392061
-0.718 0.207409 -0.50792
-0.717 0.208091 -0.604522
-0.716 0.17896 -0.656805
-0.715 0.133022 -0.646123
-0.714 0.0721819 -0.568295
-0.713 -0.0041071 -0.436279
-0.712 -0.0898092 -0.275622
-0.711 -0.17161 -0.115393
-0.71 -0.234335 0.0206449
-0.709 -0.265664 0.119839
-0.708 -0.258521 0.182969
-0.707 -0.214494 0.22248
-0.706 -0.148549 0.255859
-0.705 -0.0885945 0.296195
-0.704 -0.0639564 0.344839
-0.703 -0.0877446 0.390152
-0.702 -0.146644 0.412286
-0.701 -0.206 0.390835
-0.7 -0.225242 0.312294
-0.699 -0.174004 0.176012
-0.698 -0.0442481 -0.00270971
-0.697 0.142061 -0.195084
-0.696 0.332587 -0.368031
-0.695 0.457785 -0.496136
-0.694 0.458369 -0.569565
-0.693 0.314736 -0.594241
-0.692 0.0602569 -0.586126
-0.691 -0.229221 -0.563921
-0.69 -0.461974 -0.542604
-0.689 -0.560526 -0.527855
-0.688 -0.487328 -0.512588
-0.687 -0.261363 -0.479184
-0.686 0.040957 -0.408919
-0.685 0.307572 -0.293856
-0.684 0.432587 -0.14341
-0.683 0.359835 0.0182656
-0.682 0.105218 0.161354
-0.681 -0.251496 0.260169
-0.68 -0.597011 0.300113
-0.679 -0.822742 0.281525
-0.678 -0.860538 0.22016
-0.677 -0.708159 0.142278
-0.676 -0.435232 0.0739966
-0.675 -0.161481 0.0294501
-0.674 -0.0103004 0.00473812
-0.673 -0.0576484 -0.0185014
-0.672 -0.301578 -0.062166
-0.671 -0.664402 -0.139743
-0.67 -1.02144 -0.248898
-0.669 -1.24273 -0.370421
-0.668 -1.23538 -0.473062
-0.667 -0.976048 -0.523315
-0.666 -0.52299 -0.497883
-0.665 0.000231093 -0.394225
-0.664 0.447498 -0.234118
-0.663 0.702212 -0.0575469
-0.662 0.715442 0.0914028
-0.661 0.516382 0.180776
-0.66 0.19598 0.202119
-0.659 -0.127106 0.172598
-0.658 -0.346608 0.127235
-0.657 -0.403034 0.104107
-0.656 -0.302027 0.128085
-0.655 -0.109788 0.199428
-0.654 0.0741431 0.291556
-0.653 0.155885 0.359397
-0.652 0.0814985 0.356324
-0.651 -0.145527 0.253829
-0.65 -0.467163 0.055874
-0.649 -0.791213 -0.198483
-0.648 -1.02114 -0.446159
-0.647 -1.08504 -0.621326
-0.646 -0.955723 -0.678835
-0.645 -0.657298 -0.610698
-0.644 -0.256781 -0.449514
-0.643 0.156468 -0.257313
-0.642 0.496337 -0.103153
-0.641 0.702553 -0.0374236
-0.64 0.753699 -0.0726659
-0.639 0.667776 -0.178317
-0.638 0.492863 -0.291734
-0.637 0.292955 -0.342248
-0.636 0.131643 -0.279853
-0.635 0.0550502 -0.0975163
-0.634 0.0783885 0.162373
-0.633 0.181622 0.421307
-0.632 0.316244 0.593431
-0.631 0.420332 0.618084
-0.63 0.436336 0.482894
-0.629 0.327092 0.229298
-0.628 0.0887473 -0.0606319
-0.627 -0.241578 -0.29194
-0.626 -0.589657 -0.390942
-0.625 -0.86379 -0.334099
-0.624 -0.984656 -0.159152
-0.623 -0.912886 0.0486075
-0.622 -0.663891 0.190644
-0.621 -0.306239 0.194771
-0.62 0.055003 0.042609
-0.619 0.306985 -0.22457
-0.618 0.365535 -0.520991
-0.617 0.208878 -0.746217
-0.616 -0.108087 -0.821087
-0.615 -0.470029 -0.718448
-0.614 -0.742115 -0.475692
-0.613 -0.817466 -0.180802
-0.612 -0.653956 0.0638496
-0.611 -0.290734 0.183089
-0.61 0.159659 0.156805
-0.609 0.544361 0.0244356
-0.608 0.722737 -0.131926
-0.607 0.620842 -0.218136
-0.606 0.262394 -0.163446
-0.605 -0.239992 0.0500113
-0.604 -0.727328 0.376195
-0.603 -1.04949 0.720207
-0.602 -1.11388 0.97467
-0.601 -0.916034 1.06079
-0.6 -0.544017 0.955942
-0.599 -0.150025 0.698568
-0.598 0.106463 0.371934
-0.597 0.122402 0.0735748
-0.596 -0.109085 -0.120465
-0.595 -0.500942 -0.184609
-0.594 -0.909 -0.152798
-0.593 -1.18211 -0.101252
-0.592 -1.20972 -0.112117
-0.591 -0.958874 -0.235497
-0.59 -0.490536 -0.466724
-0.589 0.0575608 -0.746228
-0.588 0.521705 -0.979752
-0.587 0.774823 -1.07201
-0.586 0.768868 -0.964105
-0.585 0.539725 -0.660942
-0.584 0.183189 -0.234577
-0.583 -0.179135 0.201357
-0.582 -0.434888 0.535141
-0.581 -0.515222 0.697925
-0.58 -0.418977 0.685098
-0.579 -0.210972 0.552452
-0.578 0.00984961 0.391232
-0.577 0.155166 0.290765
-0.576 0.178971 0.300116
-0.575 0.0838003 0.403727
-0.574 -0.0901601 0.524917
-0.573 -0.279859 0.559431
-0.572 -0.416112 0.424225
-0.571 -0.445344 0.0979375
-0.57 -0.349514 -0.364813
-0.569 -0.150924 -0.849147
-0.568 0.10151 -1.21773
-0.567 0.353183 -1.35769
-0.566 0.557666 -1.2222
-0.565 0.680232 -0.851227
-0.564 0.698995 -0.359806
-0.563 0.609226 0.105096
-0.562 0.426005 0.421296
-0.561 0.179929 0.536313
-0.56 -0.0896704 0.481837
-0.559 -0.337642 0.354464
-0.558 -0.515219 0.272851
-0.557 -0.579822 0.327651
-0.556 -0.512911 0.541308
-0.555 -0.334695 0.853074
-0.554 -0.102935 1.13818
-0.553 0.104991 1.25652
-0.552 0.215762 1.11137
-0.551 0.181046 0.692485
-0.55 -0.00441299 0.0852215
-0.549 -0.291087 -0.556675
-0.548 -0.58188 -1.06279
-0.547 -0.765923 -1.30314
-0.546 -0.767456 -1.23179
-0.545 -0.583673 -0.901769
-0.544 -0.290364 -0.44464
-0.543 -0.0146538 -0.0203048
-0.542 0.10943 0.243825
-0.541 -0.0125815 0.299345
-0.54 -0.39612 0.190113
-0.539 -0.957655 0.0284224
-0.538 -1.5307 -0.0541995
-0.537 -1.92096 0.0383205
-0.536 -1.9798 0.326114
-0.535 -1.66233 0.741271
-0.534 -1.04455 1.14943
-0.533 -0.29637 1.39895
-0.532 0.374886 1.37997
-0.531 0.791521 1.06929
-0.53 0.865051 0.541686
-0.529 0.627856 -0.0569968
-0.528 0.219677 -0.562406
-0.527 -0.169311 -0.84849
-0.526 -0.374377 -0.868295
-0.525 -0.318716 -0.666018
-0.524 -0.0398354 -0.356935
-0.523 0.326244 -0.0816922
-0.522 0.595854 0.0489466
-0.521 0.608337 -0.0034057
-0.52 0.293336 -0.19367
-0.519 -0.294182 -0.417628
-0.518 -0.990251 -0.558792
-0.517 -1.58204 -0.536721
-0.516 -1.88241 -0.338479
-0.515 -1.78954 -0.0234466
-0.514 -1.31624 0.299145
-0.513 -0.585043 0.512435
-0.512 0.210614 0.538692
-0.511 0.872322 0.371066
-0.51 1.26821 0.0756768
-0.509 1.37616 -0.236251
-0.508 1.27578 -0.452044
-0.507 1.09807 -0.498081
-0.506 0.964693 -0.36302
-0.505 0.944609 -0.097852
-0.504 1.03552 0.205997
-0.503 1.16712 0.453181
-0.502 1.22575 0.582033
-0.501 1.10105 0.586575
-0.5 0.740845 0.512385
-0.499 0.183635 0.430074
-0.498 -0.454818 0.401272
-0.497 -1.03247 0.452235
-0.496 -1.43581 0.563333
-0.495 -1.60987 0.676308
-0.494 -1.56024 0.717227
-0.493 -1.34077 0.628374
-0.492 -1.03471 0.396497
-0.491 -0.726367 0.0628008
-0.49 -0.467582 -0.291726
-0.489 -0.259058 -0.577757
-0.488 -0.0645824 -0.729731
-0.487 0.149399 -0.726009
-0.486 0.379164 -0.592666
-0.485 0.579567 -0.391626
-0.484 0.688121 -0.196433
-0.483 0.654524 -0.0628424
-0.482 0.459673 -0.00610434
-0.481 0.125619 0.00304462
-0.48 -0.281306 0.0203771
-0.479 -0.663298 0.0978422
-0.478 -0.926953 0.256703
-0.477 -1.02852 0.475306
-0.476 -0.997863 0.694396
-0.475 -0.920431 0.837427
-0.474 -0.888963 0.839623
-0.473 -0.957869 0.675733
-0.472 -1.12198 0.374581
-0.471 -1.3177 0.0123953
-0.47 -1.43978 -0.313408
-0.469 -1.37672 -0.518429
-0.468 -1.06338 -0.559257
-0.467 -0.529199 -0.445617
-0.466 0.0933745 -0.233439
-0.465 0.616187 -0.0011586
-0.464 0.873939 0.181982
-0.463 0.787831 0.282096
-0.462 0.38863 0.309718
-0.461 -0.194215 0.309034
-0.46 -0.765098 0.334351
-0.459 -1.11755 0.425042
-0.458 -1.1104 0.587441
-0.457 -0.735841 0.788328
-0.456 -0.133305 0.96339
-0.455 0.471112 1.04074
-0.454 0.865857 0.970779
-0.453 0.935204 0.747122
-0.452 0.688024 0.408025
-0.451 0.244372 0.0204389
-0.45 -0.201214 -0.341806
-0.449 -0.439429 -0.615963
-0.448 -0.329692 -0.762607
-0.447 0.122678 -0.773205
-0.446 0.749099 -0.669859
-0.445 1.28577 -0.493278
-0.444 1.48996 -0.283503
-0.443 1.2357 -0.0655871
-0.442 0.549449 0.151178
-0.441 -0.405285 0.363913
-0.44 -1.37253 0.567829
-0.439 -2.07379 0.755572
-0.438 -2.30247 0.9202
-0.437 -2.01164 1.05476
-0.436 -1.33983 1.14905
-0.435 -0.547807 1.19
-0.434 0.0974877 1.16713
-0.433 0.423394 1.0769
-0.432 0.395887 0.920617
-0.431 0.112625 0.698785
-0.43 -0.236498 0.410788
-0.429 -0.435699 0.063978
-0.428 -0.331402 -0.315298
-0.427 0.0899255 -0.680201
-0.426 0.68361 -0.973799
-0.425 1.20768 -1.1441
-0.424 1.42694 -1.15722
-0.423 1.20156 -1.00755
-0.422 0.528157 -0.72449
-0.421 -0.463058 -0.371427
-0.42 -1.54348 -0.0309245
-0.419 -2.4519 0.223096
-0.418 -2.98297 0.35381
-0.417 -3.06333 0.374618
-0.416 -2.77004 0.341408
-0.415 -2.27982 0.33004
-0.414 -1.78539 0.407342
-0.413 -1.4266 0.602565
-0.412 -1.25682 0.888335
-0.411 -1.23876 1.18174
-0.41 -1.26344 1.37126
-0.409 -1.19605 1.36243
-0.408 -0.942103 1.1218
-0.407 -0.500624 0.697014
-0.406 0.0332467 0.205384
-0.405 0.516795 -0.202412
-0.404 0.822121 -0.39158
-0.403 0.876365 -0.292259
-0.402 0.673304 0.0686327
-0.401 0.268358 0.569585
-0.4 -0.237373 1.03635
-0.399 -0.729292 1.3096
-0.398 -1.12318 1.3082
-0.397 -1.39394 1.05943
-0.396 -1.5649 0.686492
-0.395 -1.66911 0.362649
-0.394 -1.71842 0.248086
-0.393 -1.7008 0.42762
-0.392 -1.59638 0.870712
-0.391 -1.39447 1.43379
-0.39 -1.10511 1.9106
-0.389 -0.767899 2.11283
-0.388 -0.45438 1.94556
-0.387 -0.248574 1.44385
-0.386 -0.203529 0.75825
-0.385 -0.303005 0.0994605
-0.384 -0.462289 -0.3367
-0.383 -0.568263 -0.440164
-0.382 -0.530292 -0.229296
-0.381 -0.317905 0.153691
-0.38 0.0223037 0.497634
-0.379 0.372073 0.607869
-0.378 0.574382 0.38601
-0.377 0.496824 -0.12988
-0.376 0.104825 -0.779006
-0.375 -0.502164 -1.33683
-0.374 -1.1235 -1.59666
-0.373 -1.54 -1.44616
-0.372 -1.59892 -0.911275
-0.371 -1.27075 -0.148737
-0.37 -0.669028 0.612593
-0.369 -0.0273207 1.15812
-0.368 0.373377 1.36603
-0.367 0.315956 1.24762
-0.366 -0.247366 0.936577
-0.365 -1.15832 0.632808
-0.364 -2.11272 0.521146
-0.363 -2.78074 0.69393
-0.362 -2.92438 1.1091
-0.361 -2.47664 1.6046
-0.36 -1.57177 1.96443
-0.359 -0.514513 2.00615
-0.358 0.32121 1.65214
-0.357 0.641394 0.96021
-0.356 0.362468 0.107233
-0.355 -0.350836 -0.668428
-0.354 -1.1618 -1.14953
-0.353 -1.7024 -1.22023
-0.352 -1.70862 -0.909292
-0.351 -1.11444 -0.371983
-0.35 -0.092213 0.182029
-0.349 0.982547 0.577129
-0.348 1.65831 0.735904
-0.347 1.5934 0.699558
-0.346 0.711591 0.605672
-0.345 -0.759483 0.63254
-0.344 -2.3826 0.924239
-0.343 -3.67493 1.52098
-0.342 -4.26491 2.32795
-0.341 -4.00609 3.14491
-0.34 -3.03407 3.74567
-0.339 -1.73582 3.96551
-0.338 -0.607626 3.75648
-0.337 -0.0446442 3.19582
-0.336 -0.16978 2.45481
-0.335 -0.796956 1.74017
-0.334 -1.53536 1.22218
-0.333 -1.9591 0.971909
-0.332 -1.76119 0.937593
-0.331 -0.860818 0.97744
-0.33 0.545895 0.933575
-0.329 2.02532 0.706201
-0.328 3.06143 0.293085
-0.327 3.27492 -0.213592
-0.326 2.58801 -0.662324
-0.325 1.2428 -0.896912
-0.324 -0.319258 -0.818089
-0.323 -1.63148 -0.430811
-0.322 -2.34999 0.149449
-0.321 -2.35235 0.741967
-0.32 -1.78045 1.17575
-0.319 -0.993696 1.35317
-0.318 -0.412956 1.27431
-0.317 -0.318437 1.02304
-0.316 -0.720537 0.730827
-0.315 -1.37708 0.528969
-0.314 -1.92745 0.496686
-0.313 -2.05084 0.623417
-0.312 -1.5795 0.811271
-0.311 -0.557709 0.92483
-0.31 0.75235 0.861021
-0.309 1.94709 0.596692
-0.308 2.64729 0.192083
-0.307 2.67657 -0.238587
-0.306 2.13864 -0.566705
-0.305 1.34693 -0.68937
-0.304 0.663957 -0.568403
-0.303 0.351868 -0.25392
-0.302 0.492038 0.131049
-0.301 0.967292 0.44784
-0.3 1.49595 0.609523
-0.299 1.73691 0.616508
-0.298 1.45645 0.544998
-0.297 0.669854 0.506969
-0.296 -0.344446 0.607842
-0.295 -1.17693 0.910815
-0.294 -1.48153 1.40794
-0.293 -1.12135 2.01065
-0.292 -0.212648 2.57808
-0.291 0.915526 2.97796
-0.29 1.82066 3.14487
-0.289 2.1022 3.10109
-0.288 1.5814 2.93446
-0.287 0.413908 2.75571
-0.286 -0.951668 2.65701
-0.285 -1.96507 2.67805
-0.284 -2.21418 2.78365
-0.283 -1.5907 2.86914
-0.282 -0.322319 2.80507
-0.281 1.11247 2.50256
-0.28 2.14887 1.95936
-0.279 2.34677 1.26091
-0.278 1.58739 0.545498
-0.277 0.158502 -0.0404003
-0.276 -1.33954 -0.381699
-0.275 -2.23966 -0.429361
-0.274 -2.08998 -0.222829
-0.273 -0.84138 0.121976
-0.272 1.1273 0.467636
-0.271 3.13757 0.723565
-0.27 4.44589 0.88147
-0.269 4.52019 0.999797
-0.268 3.26394 1.16046
-0.267 1.08288 1.43103
-0.266 -1.25525 1.84098
-0.265 -2.91702 2.36192
-0.264 -3.32626 2.89565
-0.263 -2.37807 3.29429
-0.262 -0.470043 3.42022
-0.261 1.64633 3.21213
-0.26 3.14229 2.70898
-0.259 3.43035 2.01906
-0.258 2.40736 1.26713
-0.257 0.51188 0.558101
-0.256 -1.44214 -0.0379116
-0.255 -2.58908 -0.496419
-0.254 -2.35432 -0.845864
-0.253 -0.677311 -1.15004
-0.252 1.96075 -1.45963
-0.251 4.70397 -1.76515
-0.25 6.62637 -1.99289
-0.249 7.07451 -2.04745
-0.248 5.92119 -1.8633
-0.247 3.62072 -1.42911
-0.246 1.03412 -0.785834
-0.245 -0.905654 -0.0177813
-0.244 -1.54784 0.760798
-0.243 -0.756433 1.43773
-0.242 1.05832 1.9493
-0.241 3.10841 2.30758
-0.24 4.53181 2.58018
-0.239 4.72448 2.83537
-0.238 3.57802 3.09666
-0.237 1.52581 3.3346
-0.236 -0.627231 3.48502
-0.235 -2.02475 3.47146
-0.234 -2.09595 3.23098
-0.233 -0.772578 2.75161
-0.232 1.49384 2.10638
-0.231 3.90982 1.4479
-0.23 5.63825 0.948386
-0.229 6.10696 0.719931
-0.228 5.21706 0.769598
-0.227 3.37239 1.01046
-0.226 1.31343 1.30456
-0.225 -0.18224 1.50889
-0.224 -0.610004 1.52077
-0.223 0.0725386 1.32556
-0.222 1.45277 1.0247
-0.221 2.85081 0.807268
-0.22 3.59882 0.860723
-0.219 3.30167 1.27066
-0.218 1.9887 1.97357
-0.217 0.103105 2.783
-0.216 -1.67246 3.45908
-0.215 -2.69236 3.78458
-0.214 -2.61325 3.63318
-0.213 -1.52905 3.02355
-0.212 0.0850998 2.13517
-0.211 1.58412 1.25537
-0.21 2.41512 0.663118
-0.209 2.32559 0.507101
-0.208 1.45212 0.745792
-0.207 0.262705 1.17297
-0.206 -0.633518 1.50307
-0.205 -0.743628 1.47731
-0.204 0.0907768 0.961332
-0.203 1.61893 0.00999078
-0.202 3.29044 -1.13015
-0.201 4.49211 -2.0992
-0.2 4.79661 -2.56153
-0.199 4.12526 -2.33945
-0.198 2.77729 -1.48052
-0.197 1.31781 -0.237429
-0.196 0.355077 1.02175
-0.195 0.286465 1.94048
-0.194 1.1215 2.30019
-0.193 2.47002 2.10288
-0.192 3.7076 1.57073
-0.191 4.23926 1.05268
-0.19 3.7422 0.87565
-0.189 2.29953 1.21011
-0.188 0.386833 2.00428
-0.187 -1.29017 3.00059
-0.186 -2.06346 3.82107
-0.185 -1.57591 4.09972
-0.184 0.0625317 3.62495
-0.183 2.3124 2.43631
-0.182 4.41909 0.823982
-0.181 5.70254 -0.778084
-0.18 5.80343 -1.95494
-0.179 4.80962 -2.45162
-0.178 3.22957 -2.24098
-0.177 1.80823 -1.51286
-0.176 1.23099 -0.599549
-0.175 1.83119 0.145546
-0.174 3.43986 0.485848
-0.173 5.45208 0.400975
-0.172 7.07127 0.0925281
-0.171 7.61219 -0.114183
-0.17 6.74517 0.078836
-0.169 4.61722 0.815966
-0.168 1.82297 2.03474
-0.167 -0.7837 3.48712
-0.166 -2.3987 4.8157
-0.165 -2.58013 5.66651
-0.164 -1.4146 5.81212
-0.163 0.541129 5.23856
-0.162 2.49875 4.14887
-0.161 3.73525 2.8752
-0.16 3.83625 1.74483
-0.159 2.82662 0.966859
-0.158 1.16135 0.582304
-0.157 -0.436648 0.479791
-0.156 -1.25939 0.457637
-0.155 -0.906655 0.311853
-0.154 0.553356 -0.0738853
-0.153 2.62751 -0.671238
-0.152 4.60175 -1.31476
-0.151 5.80021 -1.77469
-0.15 5.80928 -1.85814
-0.149 4.61391 -1.48871
-0.148 2.61013 -0.733539
-0.147 0.471656 0.22345
-0.146 -1.1003 1.14438
-0.145 -1.64012 1.81538
-0.144 -1.0682 2.11679
-0.143 0.324869 2.0594
-0.142 2.01615 1.76718
-0.141 3.43473 1.41336
-0.14 4.14322 1.14244
-0.139 3.9817 1.01633
-0.138 3.12419 1.00417
-0.137 2.00356 1.01095
-0.136 1.122 0.926856
-0.135 0.843626 0.679662
-0.134 1.278 0.275115
-0.133 2.28464 -0.192213
-0.132 3.54693 -0.569444
-0.131 4.66592 -0.708571
-0.13 5.27265 -0.531687
-0.129 5.15743 -0.0643528
-0.128 4.36303 0.577136
-0.127 3.17119 1.23156
-0.126 1.97657 1.74635
-0.125 1.13006 2.02178
-0.124 0.845333 2.03895
-0.123 1.18476 1.8644
-0.122 2.07083 1.62284
-0.121 3.29138 1.44143
-0.12 4.53236 1.38946
-0.119 5.47341 1.44817
-0.118 5.90939 1.52867
-0.117 5.81467 1.52248
-0.116 5.31319 1.35027
-0.115 4.60055 0.988474
-0.114 3.88571 0.476175
-0.113 3.3624 -0.0899017
-0.112 3.16961 -0.574573
-0.111 3.32679 -0.844527
-0.11 3.69393 -0.821797
-0.109 4.01549 -0.520204
-0.108 4.0361 -0.0373286
-0.107 3.61218 0.490907
-0.106 2.75967 0.937886
-0.105 1.64283 1.21131
-0.104 0.536954 1.2609
-0.103 -0.227306 1.08641
-0.102 -0.353089 0.747935
-0.101 0.308782 0.359228
-0.1 1.67526 0.0494108
-0.099 3.43718 -0.0893543
-0.098 5.16256 -0.0319282
-0.097 6.44094 0.185461
-0.096 7.00574 0.48714
-0.095 6.80505 0.775182
-0.094 6.01201 0.944584
-0.093 4.96725 0.913158
-0.092 4.05812 0.66712
-0.091 3.56966 0.292844
-0.09 3.57008 -0.0407075
-0.089 3.88814 -0.14872
-0.088 4.19271 0.0926907
-0.087 4.13206 0.697383
-0.086 3.47672 1.55664
-0.085 2.22324 2.45683
-0.084 0.623537 3.12588
-0.083 -0.883738 3.31109
-0.082 -1.82523 2.87604
-0.081 -1.8706 1.87676
-0.08 -0.960584 0.56704
-0.079 0.671569 -0.682478
-0.078 2.59036 -1.51509
-0.077 4.31211 -1.71141
-0.076 5.4626 -1.26366
-0.075 5.89433 -0.381796
-0.074 5.72831 0.571709
-0.073 5.29391 1.20615
-0.072 4.97828 1.254
-0.071 5.04559 0.693551
-0.07 5.51204 -0.220018
-0.069 6.14304 -1.04258
-0.068 6.57327 -1.31304
-0.067 6.47653 -0.736108
-0.066 5.70087 0.692426
-0.065 4.33077 2.65978
-0.064 2.67284 4.62004
-0.063 1.1649 5.96701
-0.062 0.222256 6.24692
-0.061 0.0691415 5.33794
-0.06 0.634526 3.51602
-0.059 1.58301 1.3649
-0.058 2.48009 -0.437199
-0.057 2.99753 -1.36385
-0.056 3.04384 -1.22577
-0.055 2.77544 -0.234196
-0.054 2.51599 1.07447
-0.053 2.62489 2.03033
-0.052 3.34517 2.08387
-0.051 4.66951 1.03826
-0.05 6.28769 -0.842288
-0.049 7.67682 -2.91633
-0.048 8.32258 -4.41492
-0.047 7.9583 -4.74264
-0.046 6.6877 -3.70172
-0.045 4.94059 -1.56551
-0.044 3.30656 1.00678
-0.043 2.32431 3.1818
-0.042 2.28931 4.23706
-0.041 3.13043 3.83723
-0.04 4.41033 2.1858
-0.039 5.48296 -0.0438993
-0.038 5.76532 -1.98614
-0.037 4.99789 -2.9323
-0.036 3.3654 -2.58776
-0.035 1.43116 -1.15003
-0.034 -0.073561 0.783021
-0.033 -0.520512 2.42535
-0.032 0.370259 3.08475
-0.031 2.38971 2.44438
-0.03 4.87459 0.728095
-0.029 6.93996 -1.36447
-0.028 7.82675 -2.95336
-0.027 7.20369 -3.35202
-0.026 5.29318 -2.32582
-0.025 2.78964 -0.14517
-0.024 0.617912 2.53428
-0.023 -0.388859 4.89306
-0.022 0.198124 6.21885
-0.021 2.20432 6.17036
-0.02 4.87389 4.9312
-0.019 7.15103 3.14254
-0.018 8.10972 1.6115
-0.017 7.32023 0.94979
-0.016 4.99486 1.33954
-0.015 1.89504 2.51034
-0.014 -0.928993 3.87846
-0.013 -2.48302 4.76461
-0.012 -2.18255 4.6377
-0.011 -0.112344 3.33611
-0.01 2.94676 1.17601
-0.009 5.80349 -1.14832
-0.008 7.35158 -2.86064
-0.007 7.0183 -3.43755
-0.006 4.95257 -2.79833
-0.005 1.92525 -1.28739
-0.004 -0.954603 0.487025
-0.003 -2.59907 1.87239
-0.002 -2.30721 2.39872
-0.001 -0.0543312 1.9648
0 3.43144 0.900096
0.001 6.91479 -0.170541
0.002 9.15728 -0.622345
0.003 9.42413 -0.124249
0.004 7.73579 1.22813
0.005 4.79514 2.97409
0.006 1.69871 4.47109
0.007 -0.431226 5.11871
0.008 -0.810068 4.57606
0.009 0.719371 2.92042
0.01 3.58107 0.662032
0.011 6.65295 -1.44394
0.012 8.72221 -2.72278
0.013 8.99191 -2.8646
0.014 7.37452 -2.0193
0.015 4.4664 -0.693707
0.016 1.28494 0.459366
0.017 -1.09157 0.875789
0.018 -1.87804 0.290572
0.019 -0.853774 -1.12908
0.02 1.53736 -2.80802
0.021 4.3361 -3.98677
0.022 6.44882 -4.06097
0.023 7.09419 -2.85267
0.024 6.09372 -0.673172
0.025 3.89317 1.81763
0.026 1.35705 3.85471
0.027 -0.553641 4.82045
0.028 -1.11675 4.45295
0.029 -0.104738 2.9597
0.03 2.12686 0.970316
0.031 4.77309 -0.700427
0.032 6.90071 -1.3959
0.033 7.81427 -0.89078
0.034 7.29759 0.545317
0.035 5.64773 2.29393
0.036 3.52786 3.64076
0.037 1.71163 4.0312
0.038 0.797335 3.26524
0.039 0.982165 1.58616
0.04 1.99083 -0.381788
0.041 3.20569 -1.85825
0.042 3.9459 -2.22132
0.043 3.75557 -1.26394
0.044 2.56845 0.735181
0.045 0.706587 3.14058
0.046 -1.25054 5.2026
0.047 -2.67095 6.30931
0.048 -3.09701 6.17721
0.049 -2.42466 4.93777
0.05 -0.948342 3.09062
0.051 0.775793 1.31995
0.052 2.18812 0.227654
0.053 2.95952 0.0964913
0.054 3.0847 0.796804
0.055 2.82595 1.86946
0.056 2.57077 2.72461
0.057 2.667 2.86374
0.058 3.27732 2.05402
0.059 4.29182 0.412231
0.06 5.34713 -1.62497
0.061 5.97592 -3.44577
0.062 5.82883 -4.48436
0.063 4.84363 -4.43281
0.064 3.26875 -3.34675
0.065 1.54883 -1.6036
0.066 0.14619 0.24996
0.067 -0.623108 1.68789
0.068 -0.687947 2.36941
0.069 -0.234092 2.23693
0.07 0.374508 1.52147
0.071 0.752605 0.647473
0.072 0.674774 0.0617779
0.073 0.189126 0.0531411
0.074 -0.40125 0.645928
0.075 -0.677495 1.61176
0.076 -0.29522 2.57552
0.077 0.85803 3.15772
0.078 2.60095 3.10415
0.079 4.50993 2.37174
0.08 6.05864 1.14887
0.081 6.79929 -0.203255
0.082 6.52581 -1.279
0.083 5.35258 -1.77906
0.084 3.67068 -1.61299
0.085 1.9992 -0.90824
0.086 0.793208 0.0606211
0.087 0.283666 0.974961
0.088 0.41017 1.56916
0.089 0.866622 1.70421
0.09 1.23482 1.40614
0.091 1.1569 0.853354
0.092 0.486314 0.304279
0.093 -0.644778 -0.0124439
0.094 -1.87445 0.0106665
0.095 -2.75263 0.334427
0.096 -2.91129 0.81265
0.097 -2.19844 1.259
0.098 -0.735052 1.50767
0.099 1.11596 1.45931
0.1 2.85822 1.11395
0.101 4.02181 0.582104
0.102 4.3252 0.0544319
0.103 3.76787 -0.271912
0.104 2.60593 -0.275306
0.105 1.23122 0.0481816
0.106 0.0258199 0.599034
0.107 -0.746135 1.22156
0.108 -0.99324 1.75253
0.109 -0.808725 2.0589
0.11 -0.438399 2.07016
0.111 -0.190498 1.80433
0.112 -0.303117 1.36813
0.113 -0.837284 0.914032
0.114 -1.66497 0.571059
0.115 -2.54919 0.392983
0.116 -3.24369 0.35275
0.117 -3.55132 0.374378
0.118 -3.34925 0.372735
0.119 -2.62071 0.282048
0.12 -1.49148 0.0755202
0.121 -0.22056 -0.217694
0.122 0.883621 -0.50903
0.123 1.57619 -0.678738
0.124 1.74104 -0.630766
0.125 1.38525 -0.341285
0.126 0.612092 0.129902
0.127 -0.382664 0.667021
0.128 -1.31817 1.14197
0.129 -1.8964 1.45043
0.13 -1.92366 1.53461
0.131 -1.40454 1.39734
0.132 -0.538716 1.1033
0.133 0.36729 0.756361
0.134 1.00557 0.455319
0.135 1.14624 0.251114
0.136 0.701227 0.130609
0.137 -0.217709 0.0339242
0.138 -1.29116 -0.108473
0.139 -2.08919 -0.339625
0.14 -2.25096 -0.652998
0.141 -1.64721 -0.985101
0.142 -0.437933 -1.22684
0.143 0.984975 -1.25687
0.144 2.12446 -0.989079
0.145 2.53055 -0.413308
0.146 1.95521 0.39128
0.147 0.473556 1.27705
0.148 -1.49815 2.07317
0.149 -3.33501 2.63655
0.15 -4.44049 2.89204
0.151 -4.47005 2.85127
0.152 -3.44569 2.60298
0.153 -1.74084 2.27361
0.154 0.0403476 1.97104
0.155 1.25901 1.73723
0.156 1.47269 1.53263
0.157 0.623162 1.25873
0.158 -0.91972 0.80607
0.159 -2.50462 0.106603
0.16 -3.46881 -0.827623
0.161 -3.39647 -1.88907
0.162 -2.26407 -2.89011
0.163 -0.449499 -3.61339
0.164 1.38081 -3.88562
0.165 2.48933 -3.64357
0.166 2.34376 -2.9586
0.167 0.848391 -2.00808
0.168 -1.59288 -1.01109
0.169 -4.23093 -0.159203
0.17 -6.26671 0.435089
0.171 -7.14058 0.764732
0.172 -6.70636 0.924676
0.173 -5.26147 1.07115
0.174 -3.44312 1.34836
0.175 -2.00598 1.81335
0.176 -1.53175 2.4004
0.177 -2.18513 2.94504
0.178 -3.64329 3.25172
0.179 -5.24303 3.16864
0.18 -6.26685 2.6414
0.181 -6.22542 1.73657
0.182 -5.02846 0.634083
0.183 -3.01088 -0.41668
0.184 -0.821163 -1.17472
0.185 0.807586 -1.49254
0.186 1.34104 -1.36697
0.187 0.662136 -0.930006
0.188 -0.887757 -0.388285
0.189 -2.66621 0.0559153
0.19 -4.00038 0.270901
0.191 -4.4418 0.233445
0.192 -3.91341 0.0328642
0.193 -2.72001 -0.163263
0.194 -1.42702 -0.177448
0.195 -0.633165 0.100402
0.196 -0.712676 0.663072
0.197 -1.64861 1.3857
0.198 -3.04705 2.07056
0.199 -4.32012 2.51523
0.2 -4.93728 2.58029
0.201 -4.62978 2.23726
0.202 -3.48258 1.58099
0.203 -1.902 0.796848
0.204 -0.469257 0.0920444
0.205 0.289944 -0.378388
0.206 0.135868 -0.557337
0.207 -0.774626 -0.4909
0.208 -1.96598 -0.302151
0.209 -2.86668 -0.145787
0.21 -3.05643 -0.151947
0.211 -2.42812 -0.373182
0.212 -1.2206 -0.759063
0.213 0.067485 -1.17775
0.214 0.858473 -1.47595
0.215 0.730823 -1.5413
0.216 -0.378694 -1.3346
0.217 -2.11881 -0.890032
0.218 -3.86418 -0.30134
0.219 -4.98553 0.298485
0.22 -5.1107 0.772609
0.221 -4.26218 1.02943
0.222 -2.83792 1.0592
0.223 -1.46454 0.928845
0.224 -0.769498 0.737274
0.225 -1.13027 0.566523
0.226 -2.49304 0.460552
0.227 -4.36307 0.427876
0.228 -5.99915 0.444386
0.229 -6.72776 0.451628
0.23 -6.2238 0.370263
0.231 -4.63612 0.137973
0.232 -2.5271 -0.252116
0.233 -0.669324 -0.745659
0.234 0.230265 -1.25639
0.235 -0.200286 -1.69956
0.236 -1.83085 -2.0043
0.237 -4.05298 -2.11385
0.238 -6.01167 -1.99628
0.239 -6.95181 -1.66415
0.24 -6.52042 -1.17695
0.241 -4.89642 -0.614322
0.242 -2.71241 -0.0414486
0.243 -0.816418 0.503828
0.244 0.0389462 1.00146
0.245 -0.517639 1.44151
0.246 -2.31487 1.83059
0.247 -4.68093 2.19509
0.248 -6.6956 2.56153
0.249 -7.55434 2.92492
0.25 -6.88407 3.23703
0.251 -4.87951 3.42648
0.252 -2.21972 3.42893
0.253 0.186749 3.20143
0.254 1.53027 2.72449
0.255 1.39406 2.01261
0.256 -0.0856333 1.13355
0.257 -2.26417 0.208598
0.258 -4.23895 -0.624338
0.259 -5.20799 -1.26368
0.26 -4.78115 -1.67338
0.261 -3.11705 -1.87415
0.262 -0.845617 -1.91913
0.263 1.17641 -1.87811
0.264 2.18089 -1.82495
0.265 1.77076 -1.81027
0.266 0.0763995 -1.82711
0.267 -2.28365 -1.80406
0.268 -4.44071 -1.64477
0.269 -5.61846 -1.28797
0.27 -5.42822 -0.743397
0.271 -3.99585 -0.0861273
0.272 -1.88695 0.570279
0.273 0.117023 1.09811
0.274 1.30043 1.38019
0.275 1.26604 1.34801
0.276 0.0815834 1.02046
0.277 -1.74575 0.507947
0.278 -3.47796 -0.0337121
0.279 -4.45304 -0.471146
0.28 -4.34569 -0.738499
0.281 -3.26804 -0.842247
0.282 -1.69038 -0.84276
0.283 -0.245698 -0.831814
0.284 0.497118 -0.903271
0.285 0.232418 -1.11032
0.286 -0.961293 -1.42802
0.287 -2.6392 -1.75451
0.288 -4.16928 -1.95804
0.289 -5.00183 -1.93777
0.29 -4.8922 -1.66026
0.291 -3.96875 -1.16243
0.292 -2.6389 -0.537871
0.293 -1.41272 0.0833491
0.294 -0.726196 0.569488
0.295 -0.798323 0.837354
0.296 -1.54585 0.890452
0.297 -2.60554 0.812239
0.298 -3.49039 0.716801
0.299 -3.81751 0.694321
0.3 -3.4799 0.783295
0.301 -2.66614 0.968837
0.302 -1.74042 1.18983
0.303 -1.07789 1.35214
0.304 -0.934723 1.36056
0.305 -1.36554 1.16745
0.306 -2.18983 0.806148
0.307 -3.04254 0.377832
0.308 -3.52729 -0.000307031
0.309 -3.40922 -0.245257
0.31 -2.72986 -0.32765
0.311 -1.76991 -0.266193
0.312 -0.896697 -0.116951
0.313 -0.404375 0.0393623
0.314 -0.419438 0.124538
0.315 -0.86837 0.102954
0.316 -1.49416 0.00615719
0.317 -1.94217 -0.0845815
0.318 -1.91815 -0.0878466
0.319 -1.3484 0.0344271
0.32 -0.435614 0.265827
0.321 0.437032 0.549975
0.322 0.890775 0.809996
0.323 0.708739 0.96637
0.324 -0.0972137 0.960703
0.325 -1.29481 0.78317
0.326 -2.49265 0.48249
0.327 -3.26389 0.142036
0.328 -3.32039 -0.165033
0.329 -2.65784 -0.40936
0.33 -1.57228 -0.608389
0.331 -0.522629 -0.806918
0.332 0.0773769 -1.05397
0.333 0.0183582 -1.38314
0.334 -0.649098 -1.7934
0.335 -1.64162 -2.23572
0.336 -2.52936 -2.62118
0.337 -2.88351 -2.85572
0.338 -2.46003 -2.8822
0.339 -1.33206 -2.70241
0.34 0.12082 -2.36905
0.341 1.37423 -1.96064
0.342 1.97808 -1.55582
0.343 1.71852 -1.2117
0.344 0.67371 -0.944655
0.345 -0.819517 -0.721888
0.346 -2.26746 -0.477748
0.347 -3.18438 -0.152682
0.348 -3.28378 0.268992
0.349 -2.60601 0.747187
0.35 -1.49989 1.20354
0.351 -0.462506 1.55172
0.352 0.0710823 1.7234
0.353 -0.114373 1.68683
0.354 -0.954819 1.46047
0.355 -2.13716 1.11517
0.356 -3.2025 0.753417
0.357 -3.70942 0.46876
0.358 -3.41322 0.307815
0.359 -2.37637 0.257166
0.36 -0.943466 0.259407
0.361 0.406479 0.244153
0.362 1.24889 0.156468
0.363 1.35928 -0.0247617
0.364 0.774433 -0.277745
0.365 -0.232446 -0.540102
0.366 -1.25043 -0.727369
0.367 -1.88305 -0.764693
0.368 -1.90514 -0.618268
0.369 -1.35066 -0.311017
0.37 -0.484327 0.085489
0.371 0.321631 0.478383
0.372 0.738312 0.78574
0.373 0.596799 0.959843
0.374 -0.0613722 0.995859
0.375 -1.00725 0.926886
0.376 -1.91195 0.809033
0.377 -2.47251 0.701258
0.378 -2.5282 0.644254
0.379 -2.1128 0.643789
0.38 -1.4207 0.666972
0.381 -0.715153 0.656755
0.382 -0.227525 0.558269
0.383 -0.0814754 0.34215
0.384 -0.259096 0.0135582
0.385 -0.619084 -0.393519
0.386 -0.963178 -0.828002
0.387 -1.1247 -1.23156
0.388 -1.03701 -1.54773
0.389 -0.747564 -1.73514
0.39 -0.37783 -1.78064
0.391 -0.0626687 -1.702
0.392 0.09868 -1.53658
0.393 0.0709127 -1.32467
0.394 -0.110135 -1.0991
0.395 -0.357522 -0.884319
0.396 -0.579329 -0.697562
0.397 -0.727755 -0.544938
0.398 -0.818208 -0.416302
0.399 -0.904276 -0.289032
0.4 -1.02908 -0.141594
0.401 -1.19105 0.0330568
0.402 -1.3434 0.222547
0.403 -1.41577 0.398014
0.404 -1.34138 0.519763
0.405 -1.08665 0.544081
0.406 -0.680601 0.435087
0.407 -0.225255 0.182669
0.408 0.134262 -0.182803
0.409 0.275374 -0.591244
0.41 0.162439 -0.950661
0.411 -0.131829 -1.17282
0.412 -0.458718 -1.19753
0.413 -0.655718 -1.01069
0.414 -0.609162 -0.651799
0.415 -0.302273 -0.205354
0.416 0.162851 0.226655
0.417 0.587395 0.562487
0.418 0.749932 0.769806
0.419 0.507129 0.871905
0.42 -0.131413 0.932249
0.421 -0.996438 1.0275
0.422 -1.82059 1.21671
0.423 -2.33358 1.5123
0.424 -2.35477 1.86282
0.425 -1.86093 2.16077
0.426 -1.00908 2.28006
0.427 -0.0930612 2.1282
0.428 0.565853 1.68574
0.429 0.751368 1.01505
0.43 0.439924 0.240718
0.431 -0.199263 -0.485375
0.432 -0.880647 -1.02503
0.433 -1.31031 -1.29453
0.434 -1.28801 -1.2937
0.435 -0.783188 -1.10651
0.436 0.0373601 -0.865386
0.437 0.857034 -0.693785
0.438 1.33292 -0.657077
0.439 1.24444 -0.743915
0.44 0.58818 -0.879307
0.441 -0.428338 -0.957223
0.442 -1.47595 -0.881042
0.443 -2.22072 -0.60313
0.444 -2.42728 -0.151935
0.445 -2.03354 0.368044
0.446 -1.18181 0.810167
0.447 -0.180483 1.04125
0.448 0.611017 0.992368
0.449 0.930541 0.682372
0.45 0.716206 0.208023
0.451 0.111053 -0.29074
0.452 -0.617323 -0.676756
0.453 -1.18589 -0.859184
0.454 -1.38854 -0.821604
0.455 -1.15787 -0.623706
0.456 -0.591216 -0.373849
0.457 0.0754477 -0.183267
0.458 0.55656 -0.121929
0.459 0.639414 -0.19402
0.46 0.275596 -0.340868
0.461 -0.408411 -0.468232
0.462 -1.17646 -0.486844
0.463 -1.77699 -0.350866
0.464 -2.02252 -0.0790886
0.465 -1.83894 0.250431
0.466 -1.28446 0.530224
0.467 -0.530834 0.664349
0.468 0.199779 0.603431
0.469 0.722417 0.361768
0.47 0.955798 0.0120191
0.471 0.933098 -0.340419
0.472 0.76167 -0.595081
0.473 0.564846 -0.692554
0.474 0.435743 -0.633786
0.475 0.411888 -0.473136
0.476 0.468385 -0.28892
0.477 0.532764 -0.147355
0.478 0.523601 -0.0771531
0.479 0.395506 -0.0629439
0.48 0.160346 -0.0560921
0.481 -0.128045 0.00277155
0.482 -0.40826 0.15643
0.483 -0.637065 0.407677
0.484 -0.794977 0.710435
0.485 -0.880721 0.983051
0.486 -0.90493 1.1406
0.487 -0.880009 1.13048
0.488 -0.802381 0.952781
0.489 -0.641605 0.6571
0.49 -0.357394 0.320796
0.491 0.0589039 0.0208633
0.492 0.551055 -0.190356
0.493 1.00395 -0.300273
0.494 1.28765 -0.338445
0.495 1.30922 -0.362668
0.496 1.04493 -0.430173
0.497 0.549547 -0.566193
0.498 -0.0501971 -0.747891
0.499 -0.582355 -0.913723
0.5 -0.885481 -0.992367
0.501 -0.879451 -0.934757
0.502 -0.610856 -0.734697
0.503 -0.237673 -0.433186
0.504 0.0427369 -0.108164
0.505 0.0807658 0.148213
0.506 -0.166137 0.261311
0.507 -0.618119 0.204318
0.508 -1.09669 0.0113714
0.509 -1.38083 -0.236142
0.51 -1.28744 -0.444165
0.511 -0.753108 -0.543363
0.512 0.121235 -0.512383
0.513 1.09331 -0.381145
0.514 1.86551 -0.21729
0.515 2.19457 -0.1005
0.516 1.97811 -0.0903088
0.517 1.28897 -0.198554
0.518 0.349824 -0.380822
0.519 -0.543001 -0.553772
0.52 -1.12285 -0.6304
0.521 -1.24727 -0.555543
0.522 -0.946502 -0.327047
0.523 -0.405452 0.00200182
0.524 0.11246 0.338433
0.525 0.368092 0.578752
0.526 0.238547 0.646487
0.527 -0.233476 0.522239
0.528 -0.853294 0.250486
0.529 -1.34977 -0.0809041
0.53 -1.48328 -0.376203
0.531 -1.13928 -0.564163
0.532 -0.36931 -0.616839
0.533 0.630841 -0.5546
0.534 1.58943 -0.438154
0.535 2.24751 -0.345637
0.536 2.44382 -0.338495
0.537 2.17053 -0.432032
0.538 1.57411 -0.589016
0.539 0.893453 -0.73996
0.54 0.361617 -0.814823
0.541 0.119269 -0.767392
0.542 0.177035 -0.586643
0.543 0.43224 -0.300216
0.544 0.720584 0.0286575
0.545 0.880017 0.317101
0.546 0.810809 0.492565
0.547 0.515246 0.522591
0.548 0.0970282 0.424504
0.549 -0.285962 0.249759
0.55 -0.493275 0.0578323
0.551 -0.459179 -0.10222
0.552 -0.209547 -0.199304
0.553 0.160277 -0.225037
0.554 0.527993 -0.197863
0.555 0.789017 -0.158006
0.556 0.89139 -0.148014
0.557 0.849798 -0.189197
0.558 0.729533 -0.272085
0.559 0.605921 -0.367035
0.56 0.523339 -0.44244
0.561 0.478682 -0.475126
0.562 0.434291 -0.451968
0.563 0.346155 -0.372075
0.564 0.191083 -0.25204
0.565 -0.0153414 -0.125547
0.566 -0.214958 -0.0309236
0.567 -0.324421 0.00608076
0.568 -0.274646 -0.0199265
0.569 -0.0543145 -0.0999777
0.57 0.272875 -0.220236
0.571 0.5928 -0.364313
0.572 0.792023 -0.510956
0.573 0.804576 -0.636771
0.574 0.635365 -0.725256
0.575 0.359851 -0.77291
0.576 0.103969 -0.785653
0.577 0.00277435 -0.770498
0.578 0.14196 -0.732428
0.579 0.506962 -0.678063
0.58 0.974924 -0.617431
0.581 1.36292 -0.55808
0.582 1.50688 -0.497874
0.583 1.32804 -0.426259
0.584 0.860784 -0.333429
0.585 0.241867 -0.217563
0.586 -0.328764 -0.0843907
0.587 -0.649626 0.0561611
0.588 -0.591945 0.189343
0.589 -0.159446 0.293032
0.59 0.502149 0.341792
0.591 1.15978 0.319227
0.592 1.58588 0.228493
0.593 1.643 0.0908834
0.594 1.32747 -0.0652286
0.595 0.765958 -0.214453
0.596 0.172948 -0.338057
0.597 -0.220504 -0.425456
0.598 -0.250828 -0.477923
0.599 0.110818 -0.510484
0.6 0.742276 -0.544728
0.601 1.41794 -0.594161
0.602 1.89738 -0.653935
0.603 2.01337 -0.703958
0.604 1.72693 -0.72128
0.605 1.13726 -0.69047
0.606 0.447784 -0.606749
0.607 -0.103056 -0.476045
0.608 -0.327462 -0.316053
0.609 -0.158917 -0.154911
0.61 0.32464 -0.0222229
0.611 0.935968 0.0644487
0.612 1.45238 0.106958
0.613 1.69433 0.121439
0.614 1.58223 0.12579
0.615 1.15871 0.130138
0.616 0.57153 0.134864
0.617 0.0204478 0.132682
0.618 -0.316265 0.110963
0.619 -0.346835 0.0556502
0.62 -0.0934719 -0.0410566
0.621 0.3271 -0.172878
0.622 0.754244 -0.318616
0.623 1.03992 -0.450534
0.624 1.09353 -0.546323
0.625 0.906657 -0.596927
0.626 0.552046 -0.607387
0.627 0.155369 -0.593161
0.628 -0.152152 -0.574442
0.629 -0.280761 -0.56853
0.63 -0.207671 -0.581405
0.631 0.0269746 -0.603438
0.632 0.344005 -0.613501
0.633 0.653482 -0.589712
0.634 0.878823 -0.520348
0.635 0.974791 -0.409624
0.636 0.937084 -0.277334
0.637 0.799918 -0.153766
0.638 0.621155 -0.0706569
0.639 0.461241 -0.049093
0.64 0.366367 -0.0889873
0.641 0.361683 -0.167349
0.642 0.451082 -0.248157
0.643 0.61746 -0.298282
0.644 0.823158 -0.300388
0.645 1.01513 -0.257762
0.646 1.13733 -0.191801
0.647 1.14735 -0.134729
0.648 1.03058 -0.118461
0.649 0.806023 -0.160845
0.65 0.523165 -0.254816
0.651 0.251961 -0.368371
0.652 0.0662971 -0.457735
0.653 0.0217256 -0.486523
0.654 0.133639 -0.440152
0.655 0.366206 -0.32984
0.656 0.64007 -0.187557
0.657 0.858675 -0.0557391
0.658 0.943082 0.0260467
0.659 0.860455 0.0355444
0.66 0.636262 -0.0219303
0.661 0.347912 -0.114431
0.662 0.101527 -0.197262
0.663 -0.00358791 -0.232841
0.664 0.087372 -0.206127
0.665 0.359459 -0.129322
0.666 0.727953 -0.0360413
0.667 1.06689 0.0312972
0.668 1.25532 0.0367987
0.669 1.22125 -0.0349118
0.67 0.966478 -0.17114
0.671 0.566182 -0.334613
0.672 0.14483 -0.477773
0.673 -0.165042 -0.561431
0.674 -0.269426 -0.569288
0.675 -0.148284 -0.512711
0.676 0.136029 -0.42481
0.677 0.46364 -0.346735
0.678 0.705107 -0.311353
0.679 0.770384 -0.33024
0.68 0.639219 -0.389133
0.681 0.365169 -0.45405
0.682 0.0550236 -0.485549
0.683 -0.169809 -0.454818
0.684 -0.218638 -0.355193
0.685 -0.0673233 -0.205122
0.686 0.231505 -0.0416682
0.687 0.570193 0.0930802
0.688 0.829849 0.167475
0.689 0.925108 0.171485
0.69 0.831781 0.119079
0.691 0.590872 0.0409664
0.692 0.29112 -0.0288796
0.693 0.0359818 -0.0670039
0.694 -0.0951279 -0.0691523
0.695 -0.0767969 -0.0509447
0.696 0.0554443 -0.0405314
0.697 0.225322 -0.0661256
0.698 0.352105 -0.143425
0.699 0.383737 -0.26797
0.7 0.313137 -0.41545
0.701 0.175817 -0.549937
0.702 0.0335725 -0.63681
0.703 -0.0505185 -0.655142
0.704 -0.0387624 -0.604658
0.705 0.0638702 -0.504739
0.706 0.21233 -0.386123
0.707 0.344396 -0.278902
0.708 0.411031 -0.201897
0.709 0.396923 -0.157404
0.71 0.322641 -0.132651
0.711 0.23201 -0.1069
0.712 0.172978 -0.0615854
0.713 0.177931 0.0102985
0.714 0.2483 0.0995335
0.715 0.35061 0.183154
0.716 0.429928 0.23335
0.717 0.437259 0.228735
0.718 0.356227 0.162781
0.719 0.212902 0.0461815
0.72 0.0638139 -0.0967982
0.721 -0.0292187 -0.236066
0.722 -0.0245216 -0.345123
0.723 0.0822703 -0.409347
0.724 0.253191 -0.42995
0.725 0.417963 -0.421573
0.726 0.499655 -0.404337
0.727 0.448393 -0.394215
0.728 0.266962 -0.396387
0.729 0.0132631 -0.4042
0.73 -0.222551 -0.403171
0.731 -0.354299 -0.377699
0.732 -0.332819 -0.318059
0.733 -0.164524 -0.225573
0.734 0.0890873 -0.113901
0.735 0.331519 -0.005277
0.736 0.466922 0.0771895
0.737 0.439499 0.117729
0.738 0.259076 0.112826
0.739 -0.000872139 0.0709412
0.74 -0.232639 0.00810171
0.741 -0.337202 -0.058057
0.742 -0.262425 -0.113667
0.743 -0.0233875 -0.152242
0.744 0.301021 -0.175556
0.745 0.594875 -0.191256
0.746 0.747857 -0.208059
0.747 0.698441 -0.230813
0.748 0.459241 -0.257919
0.749 0.11268 -0.282272
0.75 -0.221009 -0.294739
0.751 -0.429011 -0.287973
0.752 -0.446588 -0.258989
0.753 -0.279756 -0.210181
0.754 -0.00291148 -0.148808
0.755 0.268762 -0.0850409
0.756 0.423548 -0.0290363
0.757 0.397253 0.0119565
0.758 0.198316 0.0351503
0.759 -0.0968193 0.0416382
0.76 -0.374866 0.0343419
0.761 -0.529026 0.0161693
0.762 -0.497997 -0.010548
0.763 -0.288228 -0.0435834
0.764 0.0276866 -0.080209
0.765 0.33723 -0.117166
0.766 0.530548 -0.15126
0.767 0.542723 -0.180034
0.768 0.37768 -0.202184
0.769 0.103917 -0.217915
0.77 -0.174146 -0.229178
0.771 -0.355613 -0.239145
0.772 -0.378616 -0.250678
0.773 -0.241111 -0.264441
0.774 -0.000537174 -0.277856
0.775 0.248649 -0.285807
0.776 0.412314 -0.282924
0.777 0.433816 -0.266145
0.778 0.314706 -0.236287
0.779 0.11063 -0.198212
0.78 -0.093528 -0.159681
0.781 -0.216871 -0.128982
0.782 -0.21155 -0.11191
0.783 -0.0790953 -0.109243
0.784 0.13075 -0.115919
0.785 0.339189 -0.122601
0.786 0.469244 -0.119266
0.787 0.475775 -0.0992705
0.788 0.361361 -0.062198
0.789 0.171887 -0.0145834
0.79 -0.0240322 0.0317967
0.791 -0.161469 0.0637913
0.792 -0.201581 0.0716392
0.793 -0.143602 0.052654
0.794 -0.0230685 0.01223
0.795 0.103521 -0.0382328
0.796 0.18221 -0.0855548
0.797 0.183236 -0.119413
0.798 0.111113 -0.135789
0.799 -0.000404106 -0.138202
0.8 -0.104284 -0.136123
0.801 -0.159151 -0.140727
0.802 -0.144255 -0.159551
0.803 -0.0661426 -0.192599
0.804 0.0448952 -0.231815
0.805 0.147532 -0.26407
0.806 0.206276 -0.276151
0.807 0.205032 -0.259625
0.808 0.151444 -0.213962
0.809 0.0713217 -0.147098
0.81 -0.00299272 -0.0732161
0.811 -0.0451312 -0.00820595
0.812 -0.0438875 0.0356995
0.813 -0.00619516 0.0538769
0.814 0.0472097 0.0500989
0.815 0.0917665 0.0339162
0.816 0.110152 0.0160228
0.817 0.0990188 0.00374786
0.818 0.06866 -0.0015649
0.819 0.0370493 -0.00452885
0.82 0.0218066 -0.0132731
0.821 0.0329994 -0.0355908
0.822 0.0688684 -0.0751184
0.823 0.116269 -0.129005
0.824 0.156289 -0.188077
0.825 0.172832 -0.239603
0.826 0.159823 -0.271665
0.827 0.123125 -0.277384
0.828 0.0767751 -0.257204
0.829 0.036517 -0.218262
0.83 0.0139107 -0.171282
0.831 0.0124772 -0.126561
0.832 0.026581 -0.0907443
0.833 0.0439225 -0.0653623
0.834 0.0514633 -0.0473189
0.835 0.042309 -0.0310205
0.836 0.0196495 -0.0114908
0.837 -0.00479732 0.0126427
0.838 -0.0167284 0.0377248
0.839 -0.00579328 0.0562157
0.84 0.0302973 0.0600314
0.841 0.0847846 0.0443347
0.842 0.143743 0.00987217
0.843 0.190651 -0.0369999
0.844 0.212646 -0.0862718
0.845 0.205919 -0.127348
0.846 0.177189 -0.152311
0.847 0.140117 -0.158445
0.848 0.108772 -0.149004
0.849 0.0919034 -0.131584
0.85 0.0903253 -0.114627
0.851 0.0974973 -0.103718
0.852 0.10255 -0.0994289
0.853 0.0949364 -0.097546
0.854 0.069313 -0.0912983
0.855 0.0285339 -0.0745358
0.856 -0.0170634 -0.0446818
0.857 -0.0540275 -0.00444692
0.858 -0.0714522 0.0384372
0.859 -0.0649664 0.0736003
0.86 -0.0377019 0.091715
0.861 0.00133609 0.0879393
0.862 0.0405584 0.0636982
0.863 0.0698197 0.0261762
0.864 0.0839318 -0.0141917
0.865 0.0841676 -0.0472817
0.866 0.076866 -0.0666535
0.867 0.069803 -0.0715399
0.868 0.0684213 -0.0666679
0.869 0.0738924 -0.0599495
0.87 0.0834277 -0.0590451
0.871 0.0920035 -0.0682594
0.872 0.0945918 -0.086909
0.873 0.088291 -0.109601
0.874 0.0737014 -0.128214
0.875 0.0548566 -0.134916
0.876 0.0375141 -0.125185
0.877 0.0265659 -0.0997288
0.878 0.0240223 -0.0644377
0.879 0.0286774 -0.0283042
0.88 0.0373405 -0.000206518
0.881 0.0466043 0.0140836
0.882 0.0542145 0.0135983
0.883 0.0596703 0.00215639
0.884 0.0640361 -0.013217
0.885 0.0690623 -0.0248688
0.886 0.0758916 -0.0272645
0.887 0.0839201 -0.0189572
0.888 0.0905395 -0.00299341
0.889 0.0921511 0.0144516
0.89 0.0860404 0.0265984
0.891 0.072037 0.028642
0.892 0.0529841 0.0194046
0.893 0.0337826 0.00158436
0.894 0.0195104 -0.0193365
0.895 0.0134553 -0.0370675
0.896 0.0158292 -0.0466978
0.897 0.0236206 -0.046378
0.898 0.0316753 -0.0378751
0.899 0.0347669 -0.0257511
0.9 0.029984 -0.0155022
0.901 0.0183497 -0.0114471
0.902 0.00471926 -0.0151992
0.903 -0.00417561 -0.0252448
0.904 -0.00269114 -0.0376788
0.905 0.0110906 -0.047725
0.906 0.0342141 -0.0514562
0.907 0.0596673 -0.0471339
0.908 0.0788153 -0.0357334
0.909 0.0845698 -0.020484
0.91 0.074194 -0.00562078
0.911 0.0506451 0.00515267
0.912 0.0217393 0.00989061
0.913 -0.00270405 0.00887787
0.914 -0.0146516 0.00424411
0.915 -0.0110049 -0.00103201
0.916 0.00524133 -0.00429445
0.917 0.0263175 -0.00413895
0.918 0.0428587 -0.000818111
0.919 0.0476109 0.00397507
0.92 0.0382509 0.00784437
0.921 0.0182921 0.0086645
0.922 -0.004266 0.00540967
0.923 -0.0200534 -0.00148166
0.924 -0.0220345 -0.0103093
0.925 -0.00836413 -0.0187525
0.926 0.0167829 -0.0246778
0.927 0.0447976 -0.0268176
0.928 0.0659745 -0.0251005
0.929 0.0731852 -0.0205533
0.93 0.064425 -0.0148389
0.931 0.0433361 -0.00962034
0.932 0.0176476 -0.00599935
0.933 -0.00378413 -0.00422892
0.934 -0.0142243 -0.00376576
0.935 -0.0114389 -0.00361545
0.936 0.001672 -0.00282426
0.937 0.0184471 -0.000910446
0.938 0.0312672 0.00194222
0.939 0.0345891 0.00498818
0.94 0.0269674 0.00725175
0.941 0.0113556 0.00792629
0.942 -0.00627292 0.00667028
0.943 -0.0193216 0.00371132
0.944 -0.0230504 -0.000241498
0.945 -0.016263 -0.00423955
0.946 -0.00162217 -0.0074183
0.947 0.0155026 -0.00927928
0.948 0.0291734 -0.00980987
0.949 0.0351144 -0.00939641
0.95 0.0321452 -0.00858724
0.951 0.0223288 -0.0078351
0.952 0.00990701 -0.0073412
0.953 -0.000456359 -0.00703445
0.954 -0.00541569 -0.00664866
0.955 -0.00404024 -0.00585867
0.956 0.00208318 -0.00444293
0.957 0.00970949 -0.00241384
0.958 0.0153518 -4.9524e-05
0.959 0.016651 0.00219892
0.96 0.0131679 0.0038836
0.961 0.00635941 0.00472439
0.962 -0.00115998 0.00467991
0.963 -0.00671836 0.00391839
0.964 -0.00860167 0.00273502
0.965 -0.00660403 0.00145301
0.966 -0.00193831 0.000327542
0.967 0.0033957 -0.0005215
0.968 0.007467 -0.0011196
0.969 0.00911666 -0.00158457
0.97 0.00825671 -0.00203936
0.971 0.00572362 -0.00254108
0.972 0.00281679 -0.00306055
0.973 0.000733325 -0.00350547
0.974 0.000118031 -0.00376116
0.975 0.000893079 -0.00373415
0.976 0.00241159 -0.00339067
0.977 0.00383016 -0.0027749
0.978 0.00449989 -0.00199563
0.979 0.00419604 -0.00118775
0.98 0.00312176 -0.000469766
0.981 0.0017409 8.28737e-05
0.982 0.000547763 0.000443566
0.983 -0.000129023 0.000627832
0.984 -0.00022457 0.000680445
0.985 8.7411e-05 0.000656543
0.986 0.000517994 0.000601108
0.987 0.000814423 0.000537518
0.988 0.000861374 0.000470404
0.989 0.000692636 0.000396643
0.99 0.000430008 0.000314557
0.991 0.000199859 0.000227035
0.992 7.33386e-05 0.000140862
0.993 5.01691e-05 6.52682e-05
0.994 8.11165e-05 9.41897e-06
0.995 0.000108974 -2.16471e-05
0.996 0.000102791 -2.99443e-05
0.997 6.74237e-05 -2.34568e-05
0.998 2.79765e-05 -1.19591e-05
0.999 5.02153e-06 -3.00786e-06
0.12 0.739704 0.811248
0.24 0.740909 0.812036
0.36 0.742915 0.813338
0.48 0.745719 0.815135
0.6 0.749315 0.817403
0.72 0.753698 0.820109
0.84 0.75886 0.823216
0.96 0.764792 0.826678
1.08 0.771484 0.830445
1.2 0.778925 0.834461
1.32 0.787103 0.838665
1.44 0.796004 0.842992
1.56 0.805614 0.847372
1.68 0.815919 0.851733
1.8 0.8269 0.855999
1.92 0.838543 0.860092
2.04 0.850829 0.863932
2.16 0.86374 0.86744
2.28 0.877257 0.870535
2.4 0.891362 0.873137
2.52 0.906034 0.875167
2.64 0.921252 0.876548
2.76 0.936997 0.877204
2.88 0.953248 0.877065
3 0.969984 0.876062
3.12 0.987182 0.87413
3.24 1.00482 0.871211
3.36 1.02288 0.86725
3.48 1.04134 0.8622
3.6 1.06017 0.856017
3.72 1.07936 0.848667
3.84 1.09887 0.840119
3.96 1.11869 0.830353
4.08 1.13879 0.819354
4.2 1.15916 0.807115
4.32 1.17975 0.793637
4.44 1.20056 0.778928
4.56 1.22155 0.763004
4.68 1.2427 0.745889
4.8 1.26397 0.727613
4.92 1.28536 0.708216
5.04 1.30681 0.687742
5.16 1.32832 0.666245
5.28 1.34983 0.643783
5.4 1.37133 0.62042
5.52 1.39279 0.596228
5.64 1.41416 0.571283
5.76 1.43541 0.545665
5.88 1.4565 0.519458
6 1.47741 0.492752
6.12 1.49809 0.465638
6.24 1.51849 0.43821
6.36 1.53859 0.410563
6.48 1.55833 0.382796
6.6 1.57768 0.355005
6.72 1.59658 0.327289
6.84 1.61499 0.299743
6.96 1.63287 0.272465
7.08 1.65016 0.245548
7.2 1.66683 0.219083
7.32 1.68281 0.193159
7.44 1.69806 0.16786
7.56 1.71253 0.143267
7.68 1.72617 0.119456
7.8 1.73893 0.096498
7.92 1.75076 0.0744593
8.04 1.76161 0.0533995
8.16 1.77143 0.0333726
8.28 1.78018 0.0144261
8.4 1.7878 -0.00339894
8.52 1.79427 -0.0200681
8.64 1.79952 -0.0355538
8.76 1.80353 -0.0498355
8.88 1.80624 -0.0628993
9 1.80764 -0.0747385
9.12 1.80768 -0.085353
9.24 1.80634 -0.0947493
9.36 1.80359 -0.10294
9.48 1.79941 -0.109946
9.6 1.79378 -0.115791
9.72 1.78668 -0.120506
9.84 1.77811 -0.124129
9.96 1.76806 -0.1267
10.08 1.75653 -0.128266
10.2 1.74352 -0.128877
10.32 1.72904 -0.128587
10.44 1.7131 -0.127454
10.56 1.69574 -0.125537
10.68 1.67695 -0.122899
10.8 1.65679 -0.119604
10.92 1.63528 -0.115719
11.04 1.61246 -0.11131
11.16 1.58837 -0.106443
11.28 1.56307 -0.101186
11.4 1.5366 -0.0956055
11.52 1.50903 -0.0897658
11.64 1.48042 -0.0837311
11.76 1.45083 -0.0775633
11.88 1.42033 -0.0713221
12 1.38901 -0.0650646
12.12 1.35692 -0.0588448
12.24 1.32417 -0.0527137
12.36 1.29082 -0.0467186
12.48 1.25696 -0.0409032
12.6 1.22269 -0.0353071
12.72 1.18808 -0.0299661
12.84 1.15323 -0.0249115
12.96 1.11822 -0.0201705
13.08 1.08315 -0.0157659
13.2 1.04811 -0.0117162
13.32 1.01318 -0.0080355
13.44 0.978453 -0.00473375
13.56 0.944015 -0.00181665
13.68 0.90995 0.00071411
13.8 0.87634 0.00286073
13.92 0.843264 0.00462912
14.04 0.810798 0.00602869
14.16 0.779014 0.00707213
14.28 0.747982 0.00777516
14.4 0.717766 0.00815623
14.52 0.688425 0.0082363
14.64 0.660016 0.00803849
14.76 0.632588 0.0075878
14.88 0.606187 0.00691083
15 0.580853 0.00603539
15.12 0.55662 0.00499027
15.24 0.533516 0.00380488
15.36 0.511565 0.00250896
15.48 0.490785 0.00113227
15.6 0.471185 -0.00029569
15.72 0.452774 -0.00174595
15.84 0.43555 -0.00319035
15.96 0.419508 -0.00460178
16.08 0.404637 -0.00595441
16.2 0.390922 -0.00722389
16.32 0.37834 -0.00838755
16.44 0.366866 -0.00942458
16.56 0.356468 -0.0103161
16.68 0.347111 -0.0110454
16.8 0.338756 -0.011598
16.92 0.33136 -0.0119616
17.04 0.324874 -0.0121262
17.16 0.319251 -0.0120843
17.28 0.314436 -0.0118307
17.4 0.310375 -0.0113624
17.52 0.307011 -0.0106787
17.64 0.304284 -0.00978138
17.76 0.302135 -0.00867401
17.88 0.300502 -0.00736238
18 0.299325 -0.00585412
18.12 0.298541 -0.00415866
18.24 0.29809 -0.00228707
18.36 0.297911 -0.000251838
18.48 0.297944 0.00193321
18.6 0.298132 0.00425315
18.72 0.298417 0.00669211
18.84 0.298746 0.00923348
18.96 0.299066 0.0118601
19.08 0.299327 0.0145544
19.2 0.299483 0.0172987
19.32 0.29949 0.0200753
19.44 0.299308 0.0228666
19.56 0.298899 0.0256554
19.68 0.298231 0.0284251
19.8 0.297272 0.0311596
19.92 0.295997 0.0338439
20.04 0.294385 0.0364636
20.16 0.292416 0.0390055
20.28 0.290076 0.0414576
20.4 0.287354 0.0438092
20.52 0.284245 0.0460508
20.64 0.280744 0.0481742
20.76 0.276852 0.0501729
20.88 0.272573 0.0520416
21 0.267915 0.0537765
21.12 0.262889 0.0553753
21.24 0.257509 0.0568372
21.36 0.25179 0.0581627
21.48 0.245752 0.0593535
21.6 0.239418 0.0604128
21.72 0.23281 0.061345
21.84 0.225954 0.0621555
21.96 0.218878 0.0628509
22.08 0.211611 0.0634385
22.2 0.204183 0.0639265
22.32 0.196624 0.064324
22.44 0.188966 0.0646404
22.56 0.18124 0.0648858
22.68 0.173479 0.0650705
22.8 0.165714 0.0652049
22.92 0.157977 0.0652997
23.04 0.150297 0.0653655
23.16 0.142705 0.0654127
23.28 0.135229 0.0654513
23.4 0.127896 0.0654911
23.52 0.120732 0.0655414
23.64 0.113762 0.0656107
23.76 0.107008 0.0657071
23.88 0.100489 0.0658377
24 0.094225 0.066009
24.12 0.0882311 0.0662263
24.24 0.0825216 0.0664943
24.36 0.0771079 0.0668166
24.48 0.0719993 0.0671956
24.6 0.0672026 0.0676329
24.72 0.0627224 0.0681291
24.84 0.0585606 0.0686836
24.96 0.0547172 0.069295
25.08 0.0511895 0.0699608
25.2 0.0479728 0.0706776
25.32 0.0450603 0.0714411
25.44 0.0424431 0.0722462
25.56 0.0401102 0.0730869
25.68 0.0380492 0.0739567
25.8 0.0362455 0.0748483
25.92 0.0346833 0.075754
26.04 0.0333454 0.0766655
26.16 0.0322133 0.0775741
26.28 0.0312674 0.0784711
26.4 0.0304872 0.0793473
26.52 0.0298517 0.0801937
26.64 0.0293391 0.0810009
26.76 0.0289274 0.0817601
26.88 0.0285942 0.0824623
27 0.0283174 0.0830989
27.12 0.0280747 0.0836617
27.24 0.0278443 0.0841429
27.36 0.027605 0.0845352
27.48 0.0273359 0.0848319
27.6 0.0270173 0.085027
27.72 0.0266299 0.0851151
27.84 0.0261559 0.0850915
27.96 0.0255784 0.0849525
28.08 0.0248819 0.0846949
28.2 0.0240521 0.0843166
28.32 0.0230763 0.0838162
28.44 0.0219432 0.0831933
28.56 0.0206431 0.0824481
28.68 0.019168 0.0815819
28.8 0.0175116 0.0805967
28.92 0.015669 0.0794954
29.04 0.0136372 0.0782814
29.16 0.0114148 0.0769592
29.28 0.00900228 0.0755337
29.4 0.00640142 0.0740105
29.52 0.0036158 0.072396
29.64 0.000650509 0.0706967
29.76 -0.00248786 0.06892
29.88 -0.00579131 0.0670733
30 -0.0092505 0.0651647
30.12 -0.0128548 0.0632021
30.24 -0.0165924 0.0611941
30.36 -0.0204506 0.0591489
30.48 -0.0244154 0.0570751
30.6 -0.0284723 0.0549812
30.72 -0.0326058 0.0528754
30.84 -0.0367999 0.0507659
30.96 -0.0410381 0.0486608
31.08 -0.0453035 0.0465676
31.2 -0.0495788 0.0444938
31.32 -0.0538467 0.0424461
31.44 -0.0580899 0.0404313
31.56 -0.0622911 0.0384551
31.68 -0.0664332 0.0365233
31.8 -0.0704994 0.0346406
31.92 -0.0744734 0.0328117
32.04 -0.0783392 0.0310402
32.16 -0.0820817 0.0293294
32.28 -0.0856862 0.027682
32.4 -0.089139 0.0260999
32.52 -0.0924271 0.0245846
32.64 -0.0955385 0.023137
32.76 -0.0984621 0.0217574
32.88 -0.101188 0.0204455
33 -0.103707 0.0192004
33.12 -0.106011 0.0180211
33.24 -0.108094 0.0169056
33.36 -0.10995 0.0158519
33.48 -0.111575 0.0148574
33.6 -0.112965 0.0139194
33.72 -0.114118 0.0130345
33.84 -0.115034 0.0121994
33.96 -0.115712 0.0114104
34.08 -0.116153 0.0106639
34.2 -0.116362 0.00995592
34.32 -0.116339 0.00928251
34.44 -0.116091 0.00863973
34.56 -0.115622 0.00802366
34.68 -0.114939 0.00743045
34.8 -0.114048 0.00685635
34.92 -0.112958 0.00629777
35.04 -0.111677 0.00575131
35.16 -0.110214 0.00521379
35.28 -0.108579 0.00468227
35.4 -0.106782 0.00415408
35.52 -0.104834 0.00362686
35.64 -0.102747 0.00309854
35.76 -0.100531 0.00256741
35.88 -0.0981973 0.00203205
36 -0.0957586 0.00149143
36.12 -0.0932263 0.000944845
36.24 -0.0906122 0.000391927
36.36 -0.0879281 -0.000167341
36.48 -0.0851855 -0.000732652
36.6 -0.0823959 -0.00130338
36.72 -0.0795705 -0.00187859
36.84 -0.0767202 -0.00245707
36.96 -0.0738556 -0.00303734
37.08 -0.070987 -0.00361769
37.2 -0.0681241 -0.00419618
37.32 -0.0652763 -0.00477069
37.44 -0.0624525 -0.00533893
37.56 -0.059661 -0.00589851
37.68 -0.0569097 -0.0064469
37.8 -0.0542057 -0.00698153
37.92 -0.0515559 -0.0074998
38.04 -0.0489664 -0.00799907
38.16 -0.0464427 -0.00847676
38.28 -0.0439897 -0.00893032
38.4 -0.0416118 -0.00935731
38.52 -0.039313 -0.00975538
38.64 -0.0370963 -0.0101223
38.76 -0.0349644 -0.0104561
38.88 -0.0329196 -0.0107548
39 -0.0309633 -0.0110169
39.12 -0.0290968 -0.0112408
39.24 -0.0273206 -0.0114254
39.36 -0.0256349 -0.0115698
39.48 -0.0240395 -0.0116731
39.6 -0.0225336 -0.0117352
39.72 -0.0211163 -0.0117556
39.84 -0.0197861 -0.0117347
39.96 -0.0185414 -0.0116728
40.08 -0.0173801 -0.0115706
40.2 -0.0162999 -0.011429
40.32 -0.0152984 -0.0112491
40.44 -0.014373 -0.0110326
40.56 -0.0135206 -0.0107809
40.68 -0.0127384 -0.0104961
40.8 -0.0120231 -0.0101803
40.92 -0.0113717 -0.00983568
41.04 -0.0107807 -0.00946477
41.16 -0.0102469 -0.00907017
41.28 -0.00976701 -0.00865465
41.4 -0.00933758 -0.00822104
41.52 -0.00895531 -0.00777228
41.64 -0.00861691 -0.00731137
41.76 -0.00831915 -0.00684135
41.88 -0.00805886 -0.00636526
42 -0.00783294 -0.00588616
42.12 -0.00763838 -0.00540706
42.24 -0.00747228 -0.00493093
42.36 -0.00733184 -0.00446067
42.48 -0.00721438 -0.00399909
42.6 -0.00711733 -0.00354888
42.72 -0.00703824 -0.00311262
42.84 -0.0069748 -0.00269274
42.96 -0.00692482 -0.00229153
43.08 -0.00688624 -0.00191108
43.2 -0.00685712 -0.00155334
43.32 -0.00683566 -0.00122004
43.44 -0.00682018 -0.000912733
43.56 -0.00680912 -0.000632749
43.68 -0.00680104 -0.000381228
43.8 -0.00679463 -0.000159095
43.92 -0.00678867 3.29387e-05
44.04 -0.00678206 0.000194368
44.16 -0.00677382 0.000324898
44.28 -0.00676306 0.000424438
44.4 -0.00674897 0.000493095
44.52 -0.00673086 0.00053117
44.64 -0.00670811 0.000539149
44.76 -0.00668019 0.000517692
44.88 -0.00664665 0.000467628
45 -0.00660712 0.00038994
45.12 -0.00656129 0.000285753
45.24 -0.00650894 0.000156327
45.36 -0.00644988 3.03795e-06
45.48 -0.00638403 -0.00017263
45.6 -0.00631132 -0.000369103
45.72 -0.00623178 -0.000584725
45.84 -0.00614546 -0.000817779
45.96 -0.00605247 -0.00106649
46.08 -0.00595297 -0.00132906
46.2 -0.00584718 -0.00160365
46.32 -0.00573534 -0.00188841
46.44 -0.00561775 -0.0021815
46.56 -0.00549473 -0.00248108
46.68 -0.00536665 -0.00278535
46.8 -0.00523391 -0.00309252
46.92 -0.00509694 -0.00340087
47.04 -0.0049562 -0.00370871
47.16 -0.00481218 -0.00401441
47.28 -0.00466538 -0.00431643
47.4 -0.00451634 -0.00461329
47.52 -0.0043656 -0.00490358
47.64 -0.00421372 -0.005186
47.76 -0.00406127 -0.0054593
47.88 -0.00390883 -0.00572236
48 -0.00375698 -0.00597414
48.12 -0.0036063 -0.00621369
48.24 -0.00345736 -0.00644015
48.36 -0.00331073 -0.00665278
48.48 -0.00316698 -0.00685091
48.6 -0.00302663 -0.00703397
48.72 -0.00289022 -0.0072015
48.84 -0.00275823 -0.0073531
48.96 -0.00263114 -0.00748848
49.08 -0.00250938 -0.00760743
49.2 -0.00239336 -0.0077098
49.32 -0.00228345 -0.00779554
49.44 -0.00217997 -0.00786466
49.56 -0.00208322 -0.00791724
49.68 -0.00199342 -0.00795342
49.8 -0.00191077 -0.0079734
49.92 -0.00183541 -0.00797743
50.04 -0.00176744 -0.00796582
50.16 -0.0017069 -0.00793891
50.28 -0.00165378 -0.00789709
50.4 -0.00160802 -0.00784079
50.52 -0.00156953 -0.00777045
50.64 -0.00153812 -0.00768655
50.76 -0.00151362 -0.00758961
50.88 -0.00149575 -0.00748015
51 -0.00148424 -0.00735872
51.12 -0.00147874 -0.00722586
51.24 -0.0014789 -0.00708217
51.36 -0.0014843 -0.0069282
51.48 -0.00149451 -0.00676455
51.6 -0.00150908 -0.00659182
51.72 -0.00152753 -0.00641059
51.84 -0.00154937 -0.00622147
51.96 -0.00157409 -0.00602505
52.08 -0.00160118 -0.00582193
52.2 -0.00163013 -0.00561272
52.32 -0.00166043 -0.00539801
52.44 -0.00169158 -0.00517839
52.56 -0.00172309 -0.00495445
52.68 -0.00175451 -0.0047268
52.8 -0.00178537 -0.004496
52.92 -0.00181526 -0.00426266
53.04 -0.00184379 -0.00402735
53.16 -0.0018706 -0.00379065
53.28 -0.00189538 -0.00355313
53.4 -0.00191784 -0.00331537
53.52 -0.00193774 -0.00307794
53.64 -0.00195489 -0.00284139
53.76 -0.00196912 -0.0026063
53.88 -0.00198034 -0.00237321
54 -0.00198848 -0.00214269
54.12 -0.00199351 -0.00191526
54.24 -0.00199547 -0.00169147
54.36 -0.00199441 -0.00147185
54.48 -0.00199044 -0.00125693
54.6 -0.0019837 -0.0010472
54.72 -0.00197438 -0.000843181
54.84 -0.00196267 -0.000645352
54.96 -0.00194883 -0.000454187
55.08 -0.0019331 -0.000270146
55.2 -0.00191577 -9.36698e-05
55.32 -0.00189715 7.48194e-05
55.44 -0.00187753 0.00023492
55.56 -0.00185724 0.000386253
55.68 -0.0018366 0.000528463
55.8 -0.00181593 0.000661222
55.92 -0.00179553 0.000784229
56.04 -0.00177571 0.000897211
56.16 -0.00175675 0.000999929
56.28 -0.00173893 0.00109218
56.4 -0.00172249 0.00117378
56.52 -0.00170766 0.00124459
56.64 -0.00169462 0.00130452
56.76 -0.00168353 0.00135351
56.88 -0.00167454 0.00139151
57 -0.00166773 0.00141856
57.12 -0.00166316 0.00143471
57.24 -0.00166086 0.00144004
57.36 -0.00166081 0.00143469
57.48 -0.00166298 0.00141883
57.6 -0.00166727 0.00139268
57.72 -0.00167356 0.00135649
57.84 -0.00168173 0.00131055
57.96 -0.00169157 0.00125518
58.08 -0.0017029 0.00119074
58.2 -0.00171548 0.00111764
58.32 -0.00172907 0.0010363
58.44 -0.0017434 0.000947167
58.56 -0.0017582 0.000850741
58.68 -0.00177317 0.00074753
58.8 -0.00178803 0.000638068
58.92 -0.00180248 0.000522913
59.04 -0.00181624 0.000402638
59.16 -0.00182903 0.000277834
59.28 -0.00184057 0.000149102
59.4 -0.00185063 1.70551e-05
59.52 -0.00185896 -0.000117689
59.64 -0.00186536 -0.000254508
59.76 -0.00186964 -0.00039278
59.88 -0.00187167 -0.000531884
60 -0.00187131 -0.000671205
60.12 -0.00186849 -0.000810136
60.24 -0.00186316 -0.000948081
60.36 -0.0018553 -0.00108446
60.48 -0.00184495 -0.0012187
60.6 -0.00183218 -0.00135026
60.72 -0.00181708 -0.00147861
60.84 -0.0017998 -0.00160325
60.96 -0.00178052 -0.0017237
61.08 -0.00175946 -0.00183951
61.2 -0.00173685 -0.00195024
61.32 -0.00171299 -0.00205552
61.44 -0.00168816 -0.00215497
61.56 -0.00166271 -0.00224827
61.68 -0.00163697 -0.00233511
61.8 -0.00161132 -0.00241523
61.92 -0.00158614 -0.00248841
62.04 -0.00156179 -0.00255444
62.16 -0.00153869 -0.00261316
62.28 -0.0015172 -0.00266445
62.4 -0.00149773 -0.00270821
62.52 -0.00148063 -0.00274438
62.64 -0.00146627 -0.00277294
62.76 -0.001455 -0.00279389
62.88 -0.00144712 -0.00280726
63 -0.00144292 -0.00281314
63.12 -0.00144269 -0.00281161
63.24 -0.00144663 -0.00280281
63.36 -0.00145495 -0.00278689
63.48 -0.00146781 -0.00276404
63.6 -0.00148532 -0.00273446
63.72 -0.00150756 -0.00269839
63.84 -0.00153457 -0.00265608
63.96 -0.00156633 -0.00260781
64.08 -0.0016028 -0.00255388
64.2 -0.00164389 -0.00249461
64.32 -0.00168945 -0.00243034
64.44 -0.00173933 -0.00236141
64.56 -0.00179331 -0.0022882
64.68 -0.00185115 -0.00221108
64.8 -0.00191256 -0.00213046
64.92 -0.00197725 -0.00204675
65.04 -0.00204488 -0.00196035
65.16 -0.00211509 -0.00187171
65.28 -0.0021875 -0.00178125
65.4 -0.00226174 -0.00168941
65.52 -0.00233739 -0.00159666
65.64 -0.00241406 -0.00150343
65.76 -0.00249133 -0.00141019
65.88 -0.00256879 -0.00131739
66 -0.00264605 -0.0012255
66.12 -0.00272271 -0.00113497
66.24 -0.0027984 -0.00104626
66.36 -0.00287276 -0.000959828
66.48 -0.00294544 -0.00087612
66.6 -0.00301613 -0.000795581
66.72 -0.00308453 -0.000718647
66.84 -0.00315039 -0.000645747
66.96 -0.00321348 -0.000577296
67.08 -0.00327358 -0.000513701
67.2 -0.00333054 -0.000455353
67.32 -0.00338421 -0.000402629
67.44 -0.0034345 -0.000355886
67.56 -0.00348133 -0.000315467
67.68 -0.00352467 -0.000281691
67.8 -0.0035645 -0.000254858
67.92 -0.00360087 -0.00023524
68.04 -0.0036338 -0.000223089
68.16 -0.00366338 -0.000218626
68.28 -0.00368972 -0.000222045
68.4 -0.00371292 -0.000233511
68.52 -0.00373313 -0.000253156
68.64 -0.0037505 -0.000281082
68.76 -0.0037652 -0.000317354
68.88 -0.00377738 -0.000362006
69 -0.00378724 -0.000415034
69.12 -0.00379495 -0.000476399
69.24 -0.00380068 -0.000546026
69.36 -0.00380461 -0.000623802
69.48 -0.00380691 -0.000709579
69.6 -0.00380772 -0.00080317
69.72 -0.0038072 -0.000904355
69.84 -0.00380546 -0.00101288
69.96 -0.00380263 -0.00112844
70.08 -0.00379879 -0.00125073
70.2 -0.00379401 -0.00137938
70.32 -0.00378836 -0.001514
70.44 -0.00378186 -0.00165419
70.56 -0.00377454 -0.00179949
70.68 -0.00376637 -0.00194945
70.8 -0.00375734 -0.00210357
70.92 -0.0037474 -0.00226136
71.04 -0.00373648 -0.00242229
71.16 -0.00372452 -0.00258583
71.28 -0.00371141 -0.00275144
71.4 -0.00369706 -0.00291856
71.52 -0.00368134 -0.00308666
71.64 -0.00366415 -0.00325517
71.76 -0.00364537 -0.00342356
71.88 -0.00362486 -0.00359128
72 -0.00360251 -0.00375781
72.12 -0.00357821 -0.00392263
72.24 -0.00355184 -0.00408526
72.36 -0.00352332 -0.00424521
72.48 -0.00349257 -0.00440203
72.6 -0.00345951 -0.00455529
72.72 -0.0034241 -0.00470459
72.84 -0.00338633 -0.00484957
72.96 -0.00334618 -0.00498988
73.08 -0.00330369 -0.00512521
73.2 -0.00325891 -0.00525529
73.32 -0.00321191 -0.00537987
73.44 -0.00316281 -0.00549875
73.56 -0.00311173 -0.00561175
73.68 -0.00305886 -0.00571872
73.8 -0.00300437 -0.00581957
73.92 -0.00294849 -0.00591419
74.04 -0.00289147 -0.00600255
74.16 -0.00283359 -0.00608461
74.28 -0.00277514 -0.00616036
74.4 -0.00271645 -0.00622982
74.52 -0.00265786 -0.00629303
74.64 -0.00259973 -0.00635002
74.76 -0.00254243 -0.00640085
74.88 -0.00248636 -0.00644558
75 -0.00243191 -0.00648427
75.12 -0.0023795 -0.00651698
75.24 -0.00232953 -0.00654375
75.36 -0.00228242 -0.00656463
75.48 -0.00223858 -0.00657965
75.6 -0.00219844 -0.00658881
75.72 -0.00216238 -0.00659208
75.84 -0.00213082 -0.00658943
75.96 -0.00210415 -0.00658078
76.08 -0.00208273 -0.00656601
76.2 -0.00206693 -0.00654499
76.32 -0.00205711 -0.00651753
76.44 -0.0020536 -0.0064834
76.56 -0.00205672 -0.00644235
76.68 -0.00206676 -0.00639405
76.8 -0.002084 -0.00633817
76.92 -0.00210873 -0.0062743
77.04 -0.00214117 -0.00620202
77.16 -0.00218156 -0.00612085
77.28 -0.00223011 -0.00603027
77.4 -0.00228701 -0.00592975
77.52 -0.00235245 -0.0058187
77.64 -0.00242658 -0.00569653
77.76 -0.00250957 -0.0055626
77.88 -0.00260153 -0.00541626
78 -0.0027026 -0.00525686
78.12 -0.00281288 -0.00508374
78.24 -0.00293247 -0.00489623
78.36 -0.00306146 -0.00469367
78.48 -0.0031999 -0.00447542
78.6 -0.00334787 -0.00424086
78.72 -0.00350541 -0.00398939
78.84 -0.00367255 -0.00372045
78.96 -0.00384931 -0.00343351
79.08 -0.00403567 -0.00312813
79.2 -0.00423162 -0.00280387
79.32 -0.00443712 -0.0024604
79.44 -0.00465209 -0.00209742
79.56 -0.00487643 -0.00171475
79.68 -0.00511002 -0.00131225
79.8 -0.00535268 -0.000889879
79.92 -0.00560421 -0.000447694
80.04 -0.00586436 1.41649e-05
80.16 -0.00613281 0.000495461
80.28 -0.00640923 0.000995859
80.4 -0.00669319 0.00151493
80.52 -0.00698421 0.00205214
80.64 -0.00728175 0.00260686
80.76 -0.0075852 0.00317838
80.88 -0.00789385 0.00376588
81 -0.00820694 0.00436845
81.12 -0.00852362 0.00498512
81.24 -0.00884293 0.00561482
81.36 -0.00916385 0.00625642
81.48 -0.00948528 0.00690871
81.6 -0.00980601 0.00757044
81.72 -0.0101248 0.00824032
81.84 -0.0104401 0.00891698
81.96 -0.0107507 0.00959907
82.08 -0.011055 0.0102852
82.2 -0.0113513 0.010974
82.32 -0.0116381 0.011664
82.44 -0.0119136 0.0123538
82.56 -0.012176 0.0130422
82.68 -0.0124235 0.0137277
82.8 -0.0126545 0.0144091
82.92 -0.0128669 0.0150852
83.04 -0.0130591 0.0157548
83.16 -0.0132292 0.0164167
83.28 -0.0133755 0.0170701
83.4 -0.0134963 0.017714
83.52 -0.0135899 0.0183474
83.64 -0.0136549 0.0189698
83.76 -0.0136898 0.0195805
83.88 -0.0136933 0.0201789
84 -0.0136644 0.0207646
84.12 -0.0136021 0.0213373
84.24 -0.0135056 0.0218967
84.36 -0.0133744 0.0224429
84.48 -0.0132081 0.0229757
84.6 -0.0130067 0.0234952
84.72 -0.0127704 0.0240016
84.84 -0.0124995 0.0244951
84.96 -0.012195 0.024976
85.08 -0.0118577 0.0254447
85.2 -0.0114891 0.0259014
85.32 -0.0110907 0.0263467
85.44 -0.0106646 0.026781
85.56 -0.0102131 0.0272046
85.68 -0.00973874 0.027618
85.8 -0.00924439 0.0280215
85.92 -0.00873326 0.0284155
86.04 -0.00820883 0.0288001
86.16 -0.00767485 0.0291755
86.28 -0.00713531 0.0295418
86.4 -0.00659443 0.0298987
86.52 -0.00605665 0.0302462
86.64 -0.00552656 0.0305837
86.76 -0.00500891 0.0309108
86.88 -0.00450855 0.0312265
87 -0.00403042 0.0315301
87.12 -0.00357946 0.0318202
87.24 -0.00316064 0.0320956
87.36 -0.00277884 0.0323544
87.48 -0.00243886 0.0325949
87.6 -0.00214536 0.0328149
87.72 -0.00190278 0.0330121
87.84 -0.00171536 0.0331838
87.96 -0.001587 0.0333271
88.08 -0.00152129 0.033439
88.2 -0.00152142 0.0335161
88.32 -0.00159014 0.0335549
88.44 -0.00172973 0.0335515
88.56 -0.00194193 0.033502
88.68 -0.00222792 0.0334022
88.8 -0.00258827 0.0332479
88.92 -0.0030229 0.0330346
89.04 -0.00353108 0.0327577
89.16 -0.00411135 0.0324126
89.28 -0.00476155 0.0319945
89.4 -0.00547875 0.0314989
89.52 -0.00625928 0.0309208
89.64 -0.00709871 0.0302557
89.76 -0.00799184 0.0294988
89.88 -0.00893269 0.0286458
90 -0.00991456 0.0276922
90.12 -0.01093 0.0266339
90.24 -0.0119708 0.0254668
90.36 -0.0130281 0.0241873
90.48 -0.0140925 0.022792
90.6 -0.0151538 0.0212777
90.72 -0.0162014 0.0196417
90.84 -0.017224 0.0178816
90.96 -0.0182101 0.0159956
91.08 -0.0191477 0.0139822
91.2 -0.0200244 0.0118404
91.32 -0.0208276 0.00956983
91.44 -0.0215447 0.00717049
91.56 -0.0221628 0.00464305
91.68 -0.0226692 0.00198874
91.8 -0.0230512 -0.000790635
91.92 -0.0232962 -0.00369264
92.04 -0.0233921 -0.00671424
92.16 -0.0233269 -0.00985179
92.28 -0.0230894 -0.013101
92.4 -0.0226686 -0.0164569
92.52 -0.0220544 -0.0199141
92.64 -0.0212374 -0.0234664
92.76 -0.0202089 -0.0271071
92.88 -0.0189612 -0.0308288
93 -0.0174877 -0.0346238
93.12 -0.0157826 -0.0384835
93.24 -0.0138414 -0.0423992
93.36 -0.0116609 -0.0463613
93.48 -0.00923897 -0.05036
93.6 -0.00657484 -0.0543852
93.72 -0.0036691 -0.058426
93.84 -0.000523741 -0.0624715
93.96 0.00285785 -0.0665105
94.08 0.00647086 -0.0705314
94.2 0.010309 -0.0745224
94.32 0.0143647 -0.0784716
94.44 0.0186286 -0.082367
94.56 0.0230904 -0.0861965
94.68 0.0277381 -0.0899479
94.8 0.0325583 -0.0936092
94.92 0.0375366 -0.0971684
95.04 0.0426571 -0.100613
95.16 0.0479028 -0.103933
95.28 0.0532557 -0.107115
95.4 0.0586965 -0.110148
95.52 0.0642053 -0.113023
95.64 0.0697611 -0.115727
95.76 0.0753422 -0.118251
95.88 0.0809263 -0.120585
96 0.0864907 -0.12272
96.12 0.0920121 -0.124646
96.24 0.097467 -0.126357
96.36 0.102832 -0.127843
96.48 0.108083 -0.129099
96.6 0.113196 -0.130117
96.72 0.118149 -0.130891
96.84 0.122918 -0.131417
96.96 0.12748 -0.131689
97.08 0.131815 -0.131704
97.2 0.1359 -0.131458
97.32 0.139715 -0.13095
97.44 0.143242 -0.130177
97.56 0.146461 -0.129137
97.68 0.149355 -0.127831
97.8 0.15191 -0.126259
97.92 0.15411 -0.124422
98.04 0.155942 -0.12232
98.16 0.157396 -0.119957
98.28 0.15846 -0.117336
98.4 0.159128 -0.114459
98.52 0.159393 -0.111331
98.64 0.159249 -0.107957
98.76 0.158695 -0.104342
98.88 0.157728 -0.100492
99 0.15635 -0.0964138
99.12 0.154563 -0.0921142
99.24 0.152372 -0.0876008
99.36 0.149782 -0.0828818
99.48 0.146801 -0.0779657
99.6 0.143439 -0.0728616
99.72 0.139706 -0.0675789
99.84 0.135616 -0.0621276
99.96 0.131182 -0.056518
100.08 0.12642 -0.0507609
100.2 0.121347 -0.0448673
100.32 0.115981 -0.0388488
100.44 0.110341 -0.032717
100.56 0.104447 -0.0264841
100.68 0.0983218 -0.0201624
100.8 0.0919859 -0.0137646
100.92 0.0854623 -0.00730366
101.04 0.0787742 -0.000792635
101.16 0.0719454 0.0057551
101.28 0.0649997 0.012326
101.4 0.0579612 0.0189064
101.52 0.0508542 0.0254824
101.64 0.0437026 0.0320401
101.76 0.0365304 0.0385654
101.88 0.029361 0.0450442
102 0.0222176 0.0514623
102.12 0.0151226 0.0578056
102.24 0.00809797 0.0640598
102.36 0.00116464 0.070211
102.48 -0.00565719 0.0762449
102.6 -0.0123483 0.0821478
102.72 -0.0188906 0.0879058
102.84 -0.0252671 0.0935053
102.96 -0.0314619 0.098933
103.08 -0.0374607 0.104176
103.2 -0.0432501 0.109221
103.32 -0.0488183 0.114056
103.44 -0.0541551 0.118668
103.56 -0.0592512 0.123047
103.68 -0.0640994 0.127181
103.8 -0.0686933 0.131059
103.92 -0.0730285 0.134671
104.04 -0.0771018 0.138008
104.16 -0.0809113 0.141061
104.28 -0.0844568 0.143822
104.4 -0.0877392 0.146283
104.52 -0.0907609 0.148439
104.64 -0.0935254 0.150282
104.76 -0.0960375 0.151809
104.88 -0.0983032 0.153015
105 -0.100329 0.153898
105.12 -0.102124 0.154455
105.24 -0.103696 0.154685
105.36 -0.105055 0.154588
105.48 -0.106211 0.154166
105.6 -0.107176 0.15342
105.72 -0.107961 0.152354
105.84 -0.108577 0.150972
105.96 -0.109038 0.149279
106.08 -0.109355 0.147282
106.2 -0.109542 0.144988
106.32 -0.109611 0.142406
106.44 -0.109573 0.139546
106.56 -0.109443 0.136419
106.68 -0.109231 0.133035
106.8 -0.10895 0.129409
106.92 -0.108611 0.125553
107.04 -0.108224 0.121482
107.16 -0.1078 0.117212
107.28 -0.107348 0.112758
107.4 -0.106876 0.108137
107.52 -0.106393 0.103368
107.64 -0.105906 0.0984669
107.76 -0.105421 0.0934534
107.88 -0.104942 0.0883463
108 -0.104475 0.0831647
108.12 -0.104022 0.0779281
108.24 -0.103586 0.072656
108.36 -0.103168 0.0673681
108.48 -0.102768 0.062084
108.6 -0.102387 0.0568231
108.72 -0.102022 0.0516045
108.84 -0.10167 0.0464472
108.96 -0.101329 0.0413696
109.08 -0.100995 0.0363893
109.2 -0.100662 0.0315238
109.32 -0.100325 0.0267894
109.44 -0.099978 0.022202
109.56 -0.0996138 0.0177762
109.68 -0.0992252 0.0135259
109.8 -0.0988046 0.00946388
109.92 -0.098344 0.00560185
110.04 -0.0978351 0.00195027
110.16 -0.0972697 -0.00148159
110.28 -0.0966392 -0.00468575
110.4 -0.0959354 -0.00765554
110.52 -0.0951501 -0.0103856
110.64 -0.0942753 -0.0128721
110.76 -0.0933035 -0.0151125
110.88 -0.0922273 -0.0171056
111 -0.0910402 -0.0188516
111.12 -0.0897361 -0.0203524
111.24 -0.0883096 -0.0216108
111.36 -0.0867561 -0.0226312
111.48 -0.0850717 -0.0234195
111.6 -0.0832537 -0.0239824
111.72 -0.0813 -0.0243283
111.84 -0.0792097 -0.0244664
111.96 -0.0769829 -0.0244072
112.08 -0.0746208 -0.0241621
112.2 -0.0721256 -0.0237434
112.32 -0.0695007 -0.0231644
112.44 -0.0667508 -0.022439
112.56 -0.0638813 -0.0215818
112.68 -0.0608992 -0.020608
112.8 -0.0578122 -0.0195333
112.92 -0.0546293 -0.0183734
113.04 -0.0513604 -0.0171446
113.16 -0.0480165 -0.0158632
113.28 -0.0446093 -0.0145454
113.4 -0.0411516 -0.0132074
113.52 -0.0376568 -0.0118651
113.64 -0.0341391 -0.0105341
113.76 -0.0306132 -0.00922963
113.88 -0.0270944 -0.00796619
114 -0.0235983 -0.0067578
114.12 -0.0201411 -0.00561769
114.24 -0.0167387 -0.00455825
114.36 -0.0134075 -0.00359098
114.48 -0.0101637 -0.00272639
114.6 -0.00702322 -0.00197392
114.72 -0.00400195 -0.00134192
114.84 -0.00111521 -0.000837557
114.96 0.00162213 -0.000466787
115.08 0.00419585 -0.000234323
115.2 0.00659248 -0.000143606
115.32 0.00879938 -0.000196791
115.44 0.0108049 -0.000394734
115.56 0.0125984 -0.000737002
115.68 0.0141705 -0.00122188
115.8 0.0155128 -0.00184641
115.92 0.0166185 -0.00260637
116.04 0.0174821 -0.00349639
116.16 0.0180994 -0.00450995
116.28 0.0184679 -0.00563943
116.4 0.0185863 -0.00687622
116.52 0.0184553 -0.00821074
116.64 0.0180767 -0.00963257
116.76 0.0174543 -0.0111305
116.88 0.0165932 -0.0126926
117 0.0155 -0.0143063
117.12 0.014183 -0.0159587
117.24 0.012652 -0.0176364
117.36 0.0109179 -0.0193257
117.48 0.00899342 -0.0210127
117.6 0.00689216 -0.0226835
117.72 0.00462911 -0.0243242
117.84 0.00222033 -0.0259211
117.96 -0.000317127 -0.0274605
118.08 -0.00296533 -0.0289294
118.2 -0.00570557 -0.030315
118.32 -0.00851852 -0.0316053
118.44 -0.0113843 -0.0327886
118.56 -0.0142828 -0.0338542
118.68 -0.0171934 -0.0347921
118.8 -0.0200958 -0.0355933
118.92 -0.0229693 -0.0362496
119.04 -0.0257937 -0.0367538
119.16 -0.0285492 -0.0371
119.28 -0.0312163 -0.0372833
119.4 -0.0337761 -0.0372997
119.52 -0.0362108 -0.0371467
119.64 -0.0385031 -0.036823
119.76 -0.0406369 -0.0363282
119.88 -0.0425974 -0.0356634
120 -0.0443707 -0.0348308
